26/01/2021 14:31:34
 | INFO |
 | Descrição: tamanhoTotal = 4042910681
tamanhoTransferido = 9603111


26/01/2021 14:31:35
 | INFO |
 | Descrição: tamanhoRestante = 4042910681
tamanho = 9603111


26/01/2021 14:31:35
 | INFO |
 | Descrição: tamanhoTotal = 4042910681
tamanhoTransferido = 19206222


26/01/2021 14:31:35
 | INFO |
 | Descrição: tamanhoRestante = 4042910681
tamanho = 9603111


26/01/2021 14:31:37
 | INFO |
 | Descrição: tempoestimado = 419.000098926275


26/01/2021 14:31:37
 | INFO |
 | Descrição: tamanhoTotal = 4042910681
tamanhoTransferido = 28809333


26/01/2021 14:31:37
 | INFO |
 | Descrição: timeEstimatedBackup = 419

26/01/2021 14:31:37
 | INFO |
 | Descrição: tamanhoRestante = 4042910681
tamanho = 0


26/01/2021 14:31:40
 | INFO |
 | Descrição: tempoestimado = ∞


26/01/2021 14:31:40
 | INFO |
 | Descrição: timeEstimatedBackup = ∞

26/01/2021 14:31:42
 | INFO |
 | Descrição: timeEstimatedBackup = ∞

26/01/2021 14:36:57
 | INFO |
 | Descrição: tamanhoTotal = 4042910681
tamanhoTransferido = 9603111


26/01/2021 14:36:57
 | INFO |
 | Descrição: tamanhoTotal = 4042910681
tamanhoTransferido = 19206222


26/01/2021 14:36:57
 | INFO |
 | Descrição: tamanhoRestante = 4042910681
tamanho = 9603111


26/01/2021 14:36:57
 | INFO |
 | Descrição: tamanhoRestante = 4042910681
tamanho = 9603111


26/01/2021 14:36:57
 | INFO |
 | Descrição: tempoestimado = 420.000098926275


26/01/2021 14:36:57
 | INFO |
 | Descrição: timeEstimatedBackup = 420

26/01/2021 14:36:59
 | INFO |
 | Descrição: timeEstimatedBackup = 420

26/01/2021 14:46:47
 | INFO |
 | Descrição: tamanhoTotal = 4042910681
tamanhoTransferido = 9603111


26/01/2021 14:46:47
 | INFO |
 | Descrição: tamanhoRestante = 4042910681
tamanho = 9603111


26/01/2021 14:46:47
 | INFO |
 | Descrição: tempoestimado = 420.000098926275


26/01/2021 14:46:47
 | INFO |
 | Descrição: timeEstimatedBackup = 420

26/01/2021 14:49:25
 | INFO |
 | Descrição: tamanhoTotal = 4042910681
tamanhoTransferido = 9603111


26/01/2021 14:49:26
 | INFO |
 | Descrição: tamanhoRestante = 4042910681
tamanho = 9603111


26/01/2021 14:49:29
 | INFO |
 | Descrição: tempoestimado = 420.000098926275


26/01/2021 14:49:29
 | INFO |
 | Descrição: timeEstimatedBackup = 420

26/01/2021 14:54:15
 | INFO |
 | Descrição: tamanhoTotal = 4042910681
tamanhoTransferido = 9603111


26/01/2021 14:54:15
 | INFO |
 | Descrição: tamanhoRestante = 4042910681
tamanho = 9603111


26/01/2021 14:54:16
 | INFO |
 | Descrição: tempoestimado = 420.000098926275


26/01/2021 14:54:16
 | INFO |
 | Descrição: timeEstimatedBackup = 420

26/01/2021 14:54:21
 | INFO |
 | Descrição: tamanhoTotal = 4042910681
tamanhoTransferido = 13067955


26/01/2021 14:54:21
 | INFO |
 | Descrição: tamanhoRestante = 4042910681
tamanho = 6929688


26/01/2021 14:54:21
 | INFO |
 | Descrição: tempoestimado = 581.533068444063


26/01/2021 14:54:21
 | INFO |
 | Descrição: timeEstimatedBackup = 582

26/01/2021 14:54:22
 | INFO |
 | Descrição: tamanhoTotal = 4042910681
tamanhoTransferido = 343742940


26/01/2021 14:54:22
 | INFO |
 | Descrição: tamanhoRestante = 4042910681
tamanho = 330674985


26/01/2021 14:54:22
 | INFO |
 | Descrição: tempoestimado = 11.1867170566054


26/01/2021 14:54:22
 | INFO |
 | Descrição: timeEstimatedBackup = 11

26/01/2021 14:54:23
 | INFO |
 | Descrição: tamanhoTotal = 4042910681
tamanhoTransferido = 943241776


26/01/2021 14:54:23
 | INFO |
 | Descrição: tamanhoRestante = 4042910681
tamanho = 599499021


26/01/2021 14:54:23
 | INFO |
 | Descrição: tempoestimado = 5.17043116931112


26/01/2021 14:54:23
 | INFO |
 | Descrição: timeEstimatedBackup = 5

26/01/2021 14:54:24
 | INFO |
 | Descrição: tamanhoTotal = 4042910681
tamanhoTransferido = 2581799766


26/01/2021 14:54:24
 | INFO |
 | Descrição: tamanhoRestante = 4042910681
tamanho = 1638557990


26/01/2021 14:54:24
 | INFO |
 | Descrição: tempoestimado = 0.891705343306159


26/01/2021 14:54:24
 | INFO |
 | Descrição: timeEstimatedBackup = 1

26/01/2021 14:54:25
 | INFO |
 | Descrição: tamanhoTotal = 4042910681
tamanhoTransferido = 6587372185


26/01/2021 14:54:25
 | INFO |
 | Descrição: tamanhoRestante = 4042910681
tamanho = 4005572419


26/01/2021 14:54:25
 | INFO |
 | Descrição: tempoestimado = -0.635230433465794


26/01/2021 14:54:25
 | INFO |
 | Descrição: timeEstimatedBackup = 0

