06/12/2020 18:36:35
 | INFO |
 | Descrição: Starting Timer v1.0.0: 06/12/2020 18:36:35
 | Classe: StartTime
 | Método: Void StartTime()

06/12/2020 18:37:44
 | INFO |
 | Descrição: Starting Timer v1.1.0: 06/12/2020 18:37:44
 | Classe: StartTime
 | Método: Void StartTime()

07/01/2021 17:16:52
 | INFO |
 | Descrição: Starting Timer v1.1.0: 07/01/2021 17:16:52
 | Classe: StartTime
 | Método: Void StartTime()

07/01/2021 18:12:03
 | INFO |
 | Descrição: Starting Timer v1.1.0: 07/01/2021 18:12:03

1/10/2021 10:16:57 AM
 | INFO |
 | Descrição: Starting Timer v1.1.0: 1/10/2021 10:16:57 AM

1/10/2021 10:18:29 AM
 | INFO |
 | Descrição: Starting Timer v1.1.0: 1/10/2021 10:18:29 AM

1/10/2021 10:20:57 AM
 | INFO |
 | Descrição: Iniciando Backup: 20210110

1/10/2021 10:22:39 AM
 | INFO |
 | Descrição: Iniciando Cópia do Drive.

1/10/2021 11:06:23 AM
 | INFO |
 | Descrição: Starting Timer v1.1.0: 1/10/2021 11:06:23 AM

1/10/2021 11:07:47 AM
 | INFO |
 | Descrição: Iniciando Backup: 20210110

1/10/2021 11:07:50 AM
 | INFO |
 | Descrição: Iniciando Cópia do Drive.

1/10/2021 11:09:48 AM
 | INFO |
 | Descrição: Starting Timer v1.1.0: 1/10/2021 11:09:48 AM

1/10/2021 11:10:23 AM
 | INFO |
 | Descrição: Starting Timer v1.1.0: 1/10/2021 11:10:23 AM

1/10/2021 11:11:28 AM
 | INFO |
 | Descrição: Starting Timer v1.1.0: 1/10/2021 11:11:28 AM

