1/9/2021 3:51:12 PM
 | ERROR |
 | Descrição: Falha no Envio do Email
 | Classe: SendEmail
 | Método: Boolean SendEmail()
 | Exception: The SMTP server requires a secure connection or the client was not authenticated. The server response was: 5.7.0 Authentication Required. Learn more at

1/9/2021 3:58:38 PM
 | ERROR |
 | Descrição: Falha no Envio do Email
 | Classe: SendEmail
 | Método: Boolean SendEmail()
 | Exception: The SMTP server requires a secure connection or the client was not authenticated. The server response was: 5.7.0 Authentication Required. Learn more at

1/10/2021 10:20:30 AM
 | ERROR |
 | Descrição: Falha no Envio do Email
 | Classe: SendEmail
 | Método: Boolean SendEmail()
 | Exception: The SMTP server requires a secure connection or the client was not authenticated. The server response was: 5.7.0 Authentication Required. Learn more at

1/10/2021 11:07:32 AM
 | ERROR |
 | Descrição: Falha no Envio do Email
 | Classe: SendEmail
 | Método: Boolean SendEmail()
 | Exception: The SMTP server requires a secure connection or the client was not authenticated. The server response was: 5.7.0 Authentication Required. Learn more at

1/16/2021 2:54:09 PM
 | ERROR |
 | Descrição: Falha no Envio do Email
 | Classe: SendEmail
 | Método: Boolean SendEmail()
 | Exception: The SMTP server requires a secure connection or the client was not authenticated. The server response was: 5.7.0 Authentication Required. Learn more at

1/16/2021 3:24:44 PM
 | ERROR |
 | Descrição: Falha no Envio do Email
 | Classe: SendEmail
 | Método: Boolean SendEmail()
 | Exception: The SMTP server requires a secure connection or the client was not authenticated. The server response was: 5.7.0 Authentication Required. Learn more at

1/16/2021 3:25:43 PM
 | ERROR |
 | Descrição: Falha no Envio do Email
 | Classe: SendEmail
 | Método: Boolean SendEmail()
 | Exception: The SMTP server requires a secure connection or the client was not authenticated. The server response was: 5.7.0 Authentication Required. Learn more at

1/16/2021 3:35:51 PM
 | ERROR |
 | Descrição: Falha no Envio do Email
 | Classe: SendEmail
 | Método: Boolean SendEmail()
 | Exception: The SMTP server requires a secure connection or the client was not authenticated. The server response was: 5.7.0 Authentication Required. Learn more at

1/16/2021 3:37:52 PM
 | ERROR |
 | Descrição: Falha no Envio do Email
 | Classe: SendEmail
 | Método: Boolean SendEmail()
 | Exception: The SMTP server requires a secure connection or the client was not authenticated. The server response was: 5.7.0 Authentication Required. Learn more at

11/01/2021 11:11:05
 | ERROR |
 | Descrição: Falha no Envio do Email
 | Classe: SendEmail
 | Método: Boolean SendEmail()
 | Exception: O servidor SMTP requer uma conexão segura ou o cliente não foi autenticado. A resposta do servidor foi: 5.7.0 Authentication Required. Learn more at

11/01/2021 11:11:12
 | ERROR |
 | Descrição: Falha no Envio do Email
 | Classe: SendEmail
 | Método: Boolean SendEmail()
 | Exception: O servidor SMTP requer uma conexão segura ou o cliente não foi autenticado. A resposta do servidor foi: 5.7.0 Authentication Required. Learn more at

11/01/2021 11:11:33
 | ERROR |
 | Descrição: Falha no Envio do Email
 | Classe: SendEmail
 | Método: Boolean SendEmail()
 | Exception: O servidor SMTP requer uma conexão segura ou o cliente não foi autenticado. A resposta do servidor foi: 5.7.0 Authentication Required. Learn more at

11/01/2021 11:11:38
 | ERROR |
 | Descrição: Falha no Envio do Email
 | Classe: SendEmail
 | Método: Boolean SendEmail()
 | Exception: O servidor SMTP requer uma conexão segura ou o cliente não foi autenticado. A resposta do servidor foi: 5.7.0 Authentication Required. Learn more at

1/19/2021 3:26:47 PM
 | ERROR |
 | Descrição: Falha no Envio do Email
 | Classe: SendEmail
 | Método: Boolean SendEmail()
 | Exception: The SMTP server requires a secure connection or the client was not authenticated. The server response was: 5.7.0 Authentication Required. Learn more at

1/19/2021 3:33:06 PM
 | ERROR |
 | Descrição: Falha no Envio do Email
 | Classe: SendEmail
 | Método: Boolean SendEmail()
 | Exception: The SMTP server requires a secure connection or the client was not authenticated. The server response was: 5.7.0 Authentication Required. Learn more at

1/19/2021 3:35:48 PM
 | ERROR |
 | Descrição: Falha no Envio do Email
 | Classe: SendEmail
 | Método: Boolean SendEmail()
 | Exception: The SMTP server requires a secure connection or the client was not authenticated. The server response was: 5.7.0 Authentication Required. Learn more at

1/13/2021 12:35:28 PM
 | ERROR |
 | Descrição: Falha no Envio do Email
 | Classe: SendEmail
 | Método: Boolean SendEmail()
 | Exception: The SMTP server requires a secure connection or the client was not authenticated. The server response was: 5.7.0 Authentication Required. Learn more at

1/13/2021 12:35:30 PM
 | ERROR |
 | Descrição: Falha no Envio do Email
 | Classe: SendEmail
 | Método: Boolean SendEmail()
 | Exception: The SMTP server requires a secure connection or the client was not authenticated. The server response was: 5.7.0 Authentication Required. Learn more at

1/13/2021 12:37:36 PM
 | ERROR |
 | Descrição: Falha no Envio do Email
 | Classe: SendEmail
 | Método: Boolean SendEmail()
 | Exception: The SMTP server requires a secure connection or the client was not authenticated. The server response was: 5.7.0 Authentication Required. Learn more at

1/13/2021 12:37:39 PM
 | ERROR |
 | Descrição: Falha no Envio do Email
 | Classe: SendEmail
 | Método: Boolean SendEmail()
 | Exception: The SMTP server requires a secure connection or the client was not authenticated. The server response was: 5.7.0 Authentication Required. Learn more at

1/13/2021 12:41:10 PM
 | ERROR |
 | Descrição: Falha no Envio do Email
 | Classe: SendEmail
 | Método: Boolean SendEmail()
 | Exception: The SMTP server requires a secure connection or the client was not authenticated. The server response was: 5.7.0 Authentication Required. Learn more at

1/13/2021 12:42:22 PM
 | ERROR |
 | Descrição: Falha no Envio do Email
 | Classe: SendEmail
 | Método: Boolean SendEmail()
 | Exception: The SMTP server requires a secure connection or the client was not authenticated. The server response was: 5.7.0 Authentication Required. Learn more at

2/3/2021 11:37:30 AM
 | ERROR |
 | Descrição: Falha no Envio do Email
 | Classe: SendEmail
 | Método: Boolean SendEmail()
 | Exception: The parameter 'address' cannot be an empty string.
Parameter name: address

2/3/2021 11:46:11 AM
 | ERROR |
 | Descrição: Falha no Envio do Email
 | Classe: SendEmail
 | Método: Boolean SendEmail()
 | Exception: The parameter 'address' cannot be an empty string.
Parameter name: address

2/3/2021 11:46:22 AM
 | ERROR |
 | Descrição: Falha no Envio do Email
 | Classe: SendEmail
 | Método: Boolean SendEmail()
 | Exception: The parameter 'address' cannot be an empty string.
Parameter name: address

2/3/2021 1:39:40 PM
 | ERROR |
 | Descrição: Falha no Envio do Email
 | Classe: SendEmail
 | Método: Boolean SendEmail()
 | Exception: The parameter 'address' cannot be an empty string.
Parameter name: address

04/02/2021 09:31:41
 | ERROR |
 | Descrição: Falha no Envio do Email
 | Classe: SendEmail
 | Método: Boolean SendEmail()
 | Exception: Valor não pode ser nulo.
Nome do parâmetro: address

04/02/2021 09:37:36
 | ERROR |
 | Descrição: Falha no Envio do Email
 | Classe: SendEmail
 | Método: Boolean SendEmail()
 | Exception: O parâmetro 'address' não pode ser uma cadeia de caracteres vazia.
Nome do parâmetro: address

04/02/2021 09:39:37
 | ERROR |
 | Descrição: Falha no Envio do Email
 | Classe: SendEmail
 | Método: Boolean SendEmail()
 | Exception: O parâmetro 'address' não pode ser uma cadeia de caracteres vazia.
Nome do parâmetro: address

04/02/2021 09:41:38
 | ERROR |
 | Descrição: Falha no Envio do Email
 | Classe: SendEmail
 | Método: Boolean SendEmail()
 | Exception: O parâmetro 'address' não pode ser uma cadeia de caracteres vazia.
Nome do parâmetro: address

04/02/2021 09:42:32
 | ERROR |
 | Descrição: Falha no Envio do Email
 | Classe: SendEmail
 | Método: Boolean SendEmail()
 | Exception: O parâmetro 'address' não pode ser uma cadeia de caracteres vazia.
Nome do parâmetro: address

04/02/2021 09:45:08
 | ERROR |
 | Descrição: Falha no Envio do Email
 | Classe: SendEmail
 | Método: Boolean SendEmail()
 | Exception: O parâmetro 'address' não pode ser uma cadeia de caracteres vazia.
Nome do parâmetro: address

04/02/2021 09:46:12
 | ERROR |
 | Descrição: Falha no Envio do Email
 | Classe: SendEmail
 | Método: Boolean SendEmail()
 | Exception: O parâmetro 'address' não pode ser uma cadeia de caracteres vazia.
Nome do parâmetro: address

04/02/2021 09:46:35
 | ERROR |
 | Descrição: Falha no Envio do Email
 | Classe: SendEmail
 | Método: Boolean SendEmail()
 | Exception: O parâmetro 'address' não pode ser uma cadeia de caracteres vazia.
Nome do parâmetro: address

04/02/2021 09:48:00
 | ERROR |
 | Descrição: Falha no Envio do Email
 | Classe: SendEmail
 | Método: Boolean SendEmail()
 | Exception: O parâmetro 'address' não pode ser uma cadeia de caracteres vazia.
Nome do parâmetro: address

04/02/2021 09:49:46
 | ERROR |
 | Descrição: Falha no Envio do Email
 | Classe: SendEmail
 | Método: Boolean SendEmail()
 | Exception: O parâmetro 'address' não pode ser uma cadeia de caracteres vazia.
Nome do parâmetro: address

04/02/2021 09:55:15
 | ERROR |
 | Descrição: Falha no Envio do Email
 | Classe: SendEmail
 | Método: Boolean SendEmail()
 | Exception: O parâmetro 'address' não pode ser uma cadeia de caracteres vazia.
Nome do parâmetro: address

04/02/2021 09:56:39
 | ERROR |
 | Descrição: Falha no Envio do Email
 | Classe: SendEmail
 | Método: Boolean SendEmail()
 | Exception: O parâmetro 'address' não pode ser uma cadeia de caracteres vazia.
Nome do parâmetro: address

04/02/2021 10:01:39
 | ERROR |
 | Descrição: Falha no Envio do Email
 | Classe: SendEmail
 | Método: Boolean SendEmail()
 | Exception: O parâmetro 'address' não pode ser uma cadeia de caracteres vazia.
Nome do parâmetro: address

04/02/2021 10:03:03
 | ERROR |
 | Descrição: Falha no Envio do Email
 | Classe: SendEmail
 | Método: Boolean SendEmail()
 | Exception: O parâmetro 'address' não pode ser uma cadeia de caracteres vazia.
Nome do parâmetro: address

04/02/2021 10:08:49
 | ERROR |
 | Descrição: Falha no Envio do Email
 | Classe: SendEmail
 | Método: Boolean SendEmail()
 | Exception: O parâmetro 'address' não pode ser uma cadeia de caracteres vazia.
Nome do parâmetro: address

04/02/2021 10:09:26
 | ERROR |
 | Descrição: Falha no Envio do Email
 | Classe: SendEmail
 | Método: Boolean SendEmail()
 | Exception: O parâmetro 'address' não pode ser uma cadeia de caracteres vazia.
Nome do parâmetro: address

04/02/2021 10:12:18
 | ERROR |
 | Descrição: Falha no Envio do Email
 | Classe: SendEmail
 | Método: Boolean SendEmail()
 | Exception: O parâmetro 'address' não pode ser uma cadeia de caracteres vazia.
Nome do parâmetro: address

04/02/2021 10:12:52
 | ERROR |
 | Descrição: Falha no Envio do Email
 | Classe: SendEmail
 | Método: Boolean SendEmail()
 | Exception: O parâmetro 'address' não pode ser uma cadeia de caracteres vazia.
Nome do parâmetro: address

04/02/2021 10:14:11
 | ERROR |
 | Descrição: Falha no Envio do Email
 | Classe: SendEmail
 | Método: Boolean SendEmail()
 | Exception: O parâmetro 'address' não pode ser uma cadeia de caracteres vazia.
Nome do parâmetro: address

04/02/2021 10:17:08
 | ERROR |
 | Descrição: Falha no Envio do Email
 | Classe: SendEmail
 | Método: Boolean SendEmail()
 | Exception: O parâmetro 'address' não pode ser uma cadeia de caracteres vazia.
Nome do parâmetro: address

04/02/2021 10:17:43
 | ERROR |
 | Descrição: Falha no Envio do Email
 | Classe: SendEmail
 | Método: Boolean SendEmail()
 | Exception: O parâmetro 'address' não pode ser uma cadeia de caracteres vazia.
Nome do parâmetro: address

04/02/2021 10:18:40
 | ERROR |
 | Descrição: Falha no Envio do Email
 | Classe: SendEmail
 | Método: Boolean SendEmail()
 | Exception: O parâmetro 'address' não pode ser uma cadeia de caracteres vazia.
Nome do parâmetro: address

04/02/2021 10:24:34
 | ERROR |
 | Descrição: Falha no Envio do Email
 | Classe: SendEmail
 | Método: Boolean SendEmail()
 | Exception: O parâmetro 'address' não pode ser uma cadeia de caracteres vazia.
Nome do parâmetro: address

04/02/2021 10:34:17
 | ERROR |
 | Descrição: Falha no Envio do Email
 | Classe: SendEmail
 | Método: Boolean SendEmail()
 | Exception: O parâmetro 'address' não pode ser uma cadeia de caracteres vazia.
Nome do parâmetro: address

04/02/2021 10:36:20
 | ERROR |
 | Descrição: Falha no Envio do Email
 | Classe: SendEmail
 | Método: Boolean SendEmail()
 | Exception: O parâmetro 'address' não pode ser uma cadeia de caracteres vazia.
Nome do parâmetro: address

04/02/2021 10:37:55
 | ERROR |
 | Descrição: Falha no Envio do Email
 | Classe: SendEmail
 | Método: Boolean SendEmail()
 | Exception: O parâmetro 'address' não pode ser uma cadeia de caracteres vazia.
Nome do parâmetro: address

04/02/2021 10:38:38
 | ERROR |
 | Descrição: Falha no Envio do Email
 | Classe: SendEmail
 | Método: Boolean SendEmail()
 | Exception: O parâmetro 'address' não pode ser uma cadeia de caracteres vazia.
Nome do parâmetro: address

04/02/2021 10:40:27
 | ERROR |
 | Descrição: Falha no Envio do Email
 | Classe: SendEmail
 | Método: Boolean SendEmail()
 | Exception: O parâmetro 'address' não pode ser uma cadeia de caracteres vazia.
Nome do parâmetro: address

04/02/2021 10:41:03
 | ERROR |
 | Descrição: Falha no Envio do Email
 | Classe: SendEmail
 | Método: Boolean SendEmail()
 | Exception: O parâmetro 'address' não pode ser uma cadeia de caracteres vazia.
Nome do parâmetro: address

05/02/2021 10:42:10
 | ERROR |
 | Descrição: Falha no Envio do Email
 | Classe: SendEmail
 | Método: Boolean SendEmail()
 | Exception: O parâmetro 'address' não pode ser uma cadeia de caracteres vazia.
Nome do parâmetro: address

05/02/2021 10:42:23
 | ERROR |
 | Descrição: Falha no Envio do Email
 | Classe: SendEmail
 | Método: Boolean SendEmail()
 | Exception: O parâmetro 'address' não pode ser uma cadeia de caracteres vazia.
Nome do parâmetro: address

05/02/2021 10:43:05
 | ERROR |
 | Descrição: Falha no Envio do Email
 | Classe: SendEmail
 | Método: Boolean SendEmail()
 | Exception: O parâmetro 'address' não pode ser uma cadeia de caracteres vazia.
Nome do parâmetro: address

05/02/2021 10:43:19
 | ERROR |
 | Descrição: Falha no Envio do Email
 | Classe: SendEmail
 | Método: Boolean SendEmail()
 | Exception: O parâmetro 'address' não pode ser uma cadeia de caracteres vazia.
Nome do parâmetro: address

05/02/2021 10:43:35
 | ERROR |
 | Descrição: Falha no Envio do Email
 | Classe: SendEmail
 | Método: Boolean SendEmail()
 | Exception: O parâmetro 'address' não pode ser uma cadeia de caracteres vazia.
Nome do parâmetro: address

