1/27/2021 9:39:23 AM
 | INFO |
 | Descrição: isAlive = False

1/27/2021 9:39:24 AM
 | INFO |
 | Descrição: isAlive = True

1/27/2021 9:39:24 AM
 | INFO |
 | Descrição: messageRespostaGlobal = Erro 404

1/27/2021 9:39:24 AM
 | INFO |
 | Descrição: messageEnvioGlobal = Status

1/27/2021 9:39:25 AM
 | INFO |
 | Descrição: isAlive = False

1/27/2021 9:39:26 AM
 | INFO |
 | Descrição: isAlive = True

1/27/2021 9:39:26 AM
 | INFO |
 | Descrição: messageRespostaGlobal = Erro 404

1/27/2021 9:39:26 AM
 | INFO |
 | Descrição: messageEnvioGlobal = Status

1/27/2021 9:39:27 AM
 | INFO |
 | Descrição: isAlive = False

1/27/2021 9:39:28 AM
 | INFO |
 | Descrição: isAlive = True

1/27/2021 9:39:28 AM
 | INFO |
 | Descrição: messageRespostaGlobal = Erro 404

1/27/2021 9:39:28 AM
 | INFO |
 | Descrição: messageEnvioGlobal = Status

1/27/2021 9:39:29 AM
 | INFO |
 | Descrição: isAlive = False

1/27/2021 9:39:30 AM
 | INFO |
 | Descrição: isAlive = True

1/27/2021 9:39:30 AM
 | INFO |
 | Descrição: messageRespostaGlobal = Erro 404

1/27/2021 9:39:30 AM
 | INFO |
 | Descrição: messageEnvioGlobal = Status

