06/12/2020 18:36:35
 | INFO |
 | Descrição: Starting Timer v1.0.0: 06/12/2020 18:36:35
 | Classe: StartTime
 | Método: Void StartTime()

06/12/2020 18:37:44
 | INFO |
 | Descrição: Starting Timer v1.1.0: 06/12/2020 18:37:44
 | Classe: StartTime
 | Método: Void StartTime()

1/4/2021 1:29:57 PM
 | INFO |
 | Descrição: Starting Timer v1.1.0: 1/4/2021 1:29:57 PM

1/4/2021 1:42:31 PM
 | INFO |
 | Descrição: Starting Timer v1.1.0: 1/4/2021 1:42:31 PM

1/4/2021 2:01:12 PM
 | INFO |
 | Descrição: Iniciando Backup: 20210104

1/4/2021 2:01:12 PM
 | INFO |
 | Descrição: Iniciando Cópia do Drive.

1/4/2021 2:01:23 PM
 | INFO |
 | Descrição: Iniciando Organização das pastas de Backup.

1/4/2021 2:06:39 PM
 | INFO |
 | Descrição: Iniciando Backup: 20210104

1/4/2021 2:06:39 PM
 | INFO |
 | Descrição: Iniciando Cópia do Drive.

1/4/2021 2:06:44 PM
 | INFO |
 | Descrição: Iniciando Organização das pastas de Backup.

1/4/2021 2:11:06 PM
 | ATENÇÃO |
 | Descrição: Backup 'C:\TesteBackupSBUILD\Full\210104' já existe!
 | Classe: AssyncBackup
 | Método: Void AssyncBackup(Boolean, Boolean, System.DateTime)
 | Exception: 

1/4/2021 2:16:19 PM
 | ATENÇÃO |
 | Descrição: Backup 'C:\TesteBackupSBUILD\Full\210104' já existe!
 | Classe: AssyncBackup
 | Método: Void AssyncBackup(Boolean, Boolean, System.DateTime)
 | Exception: 

1/4/2021 2:27:30 PM
 | INFO |
 | Descrição: Iniciando Backup: 20210104

1/4/2021 2:27:30 PM
 | INFO |
 | Descrição: Iniciando Cópia do Drive.

1/4/2021 2:27:35 PM
 | INFO |
 | Descrição: Iniciando Organização das pastas de Backup.

1/5/2021 11:55:07 AM
 | ERROR |
 | Descrição: Falha na Organização dos Backups Full, para o diretorio: C:\TesteBackupSBUILD\
 | Classe: OrganizarPastasFull
 | Método: Void OrganizarPastasFull(System.String)
 | Exception: Could not find a part of the path 'C:\TesteBackupSBUILD\210105\FULL_210105'.

1/5/2021 11:55:07 AM
 | INFO |
 | Descrição: Iniciando Backup: 20210105

1/5/2021 11:55:07 AM
 | INFO |
 | Descrição: Iniciando Cópia do Drive.

1/5/2021 11:55:20 AM
 | INFO |
 | Descrição: Iniciando Organização das pastas de Backup.

1/9/2021 12:09:08 PM
 | ERROR |
 | Descrição: Falha na Organização dos Backups Full, para o diretorio: C:\TesteBackupSBUILD\
 | Classe: OrganizarPastasFull
 | Método: Void OrganizarPastasFull(System.String)
 | Exception: Could not find a part of the path 'C:\TesteBackupSBUILD\210109\FULL_210109'.

1/9/2021 12:09:08 PM
 | INFO |
 | Descrição: Iniciando Backup: 20210109

1/9/2021 12:09:08 PM
 | INFO |
 | Descrição: Iniciando Cópia do Drive.

1/9/2021 12:10:01 PM
 | INFO |
 | Descrição: Iniciando Organização das pastas de Backup.

1/14/2021 12:12:37 PM
 | ERROR |
 | Descrição: Falha na Organização dos Backups Full, para o diretorio: C:\TesteBackupSBUILD\
 | Classe: OrganizarPastasFull
 | Método: Void OrganizarPastasFull(System.String)
 | Exception: Could not find a part of the path 'C:\TesteBackupSBUILD\210114\FULL_210114'.

1/14/2021 12:12:37 PM
 | INFO |
 | Descrição: Iniciando Backup: 20210114

1/14/2021 12:12:37 PM
 | INFO |
 | Descrição: Iniciando Cópia do Drive.

1/14/2021 12:13:09 PM
 | INFO |
 | Descrição: Iniciando Organização das pastas de Backup.

1/19/2021 12:15:28 PM
 | ERROR |
 | Descrição: Falha na Organização dos Backups Full, para o diretorio: C:\TesteBackupSBUILD\
 | Classe: OrganizarPastasFull
 | Método: Void OrganizarPastasFull(System.String)
 | Exception: Could not find a part of the path 'C:\TesteBackupSBUILD\210119\FULL_210119'.

1/19/2021 12:15:28 PM
 | INFO |
 | Descrição: Iniciando Backup: 20210119

1/19/2021 12:15:29 PM
 | INFO |
 | Descrição: Iniciando Cópia do Drive.

1/19/2021 12:15:56 PM
 | INFO |
 | Descrição: Iniciando Organização das pastas de Backup.

1/24/2021 12:16:49 PM
 | ERROR |
 | Descrição: Falha na Organização dos Backups Full, para o diretorio: C:\TesteBackupSBUILD\
 | Classe: OrganizarPastasFull
 | Método: Void OrganizarPastasFull(System.String)
 | Exception: Could not find a part of the path 'C:\TesteBackupSBUILD\210124\FULL_210124'.

1/24/2021 12:16:49 PM
 | INFO |
 | Descrição: Iniciando Backup: 20210124

1/24/2021 12:16:49 PM
 | INFO |
 | Descrição: Iniciando Cópia do Drive.

1/24/2021 12:17:15 PM
 | INFO |
 | Descrição: Iniciando Organização das pastas de Backup.

1/29/2021 12:19:18 PM
 | ERROR |
 | Descrição: Falha na Organização dos Backups Full, para o diretorio: C:\TesteBackupSBUILD\
 | Classe: OrganizarPastasFull
 | Método: Void OrganizarPastasFull(System.String)
 | Exception: Could not find a part of the path 'C:\TesteBackupSBUILD\210129\FULL_210129'.

1/29/2021 12:19:18 PM
 | INFO |
 | Descrição: Iniciando Backup: 20210129

1/29/2021 12:19:18 PM
 | INFO |
 | Descrição: Iniciando Cópia do Drive.

1/29/2021 12:20:09 PM
 | INFO |
 | Descrição: Iniciando Organização das pastas de Backup.

2/2/2021 1:36:09 PM
 | ERROR |
 | Descrição: Falha na Organização dos Backups Full, para o diretorio: C:\TesteBackupSBUILD\
 | Classe: OrganizarPastasFull
 | Método: Void OrganizarPastasFull(System.String)
 | Exception: Could not find a part of the path 'C:\TesteBackupSBUILD\210202\FULL_210202'.

2/2/2021 1:36:09 PM
 | INFO |
 | Descrição: Iniciando Backup: 20210202

2/2/2021 1:36:09 PM
 | INFO |
 | Descrição: Iniciando Cópia do Drive.

2/2/2021 1:36:23 PM
 | INFO |
 | Descrição: Iniciando Organização das pastas de Backup.

2/10/2021 1:46:21 PM
 | INFO |
 | Descrição: Iniciando Backup: 20210210

2/10/2021 1:46:21 PM
 | INFO |
 | Descrição: Iniciando Cópia do Drive.

2/10/2021 1:46:32 PM
 | INFO |
 | Descrição: Iniciando Organização das pastas de Backup.

