12/21/2020 1:57:29 PM
 | INFO |
 | Descrição: Starting Timer v1.1.0: 12/21/2020 1:57:29 PM

12/21/2020 1:58:40 PM
 | INFO |
 | Descrição: Iniciando Backup: 20201221

12/21/2020 1:58:59 PM
 | INFO |
 | Descrição: Iniciando Cópia do Drive.

12/21/2020 1:59:38 PM
 | INFO |
 | Descrição: Starting Timer v1.1.0: 12/21/2020 1:59:38 PM

12/21/2020 2:06:24 PM
 | INFO |
 | Descrição: Starting Timer v1.1.0: 12/21/2020 2:06:24 PM

12/21/2020 2:06:34 PM
 | INFO |
 | Descrição: Iniciando Backup: 20201221

12/21/2020 2:06:34 PM
 | INFO |
 | Descrição: Iniciando Cópia do Drive.

12/21/2020 2:06:34 PM
 | ERROR |
 | Descrição: Erro durante o Background Worker.
 | Classe: Service1
 | Método: Void AssyncBackup(Boolean, System.DateTime)
 | Exception: The device is not ready.


12/21/2020 2:06:44 PM
 | INFO |
 | Descrição: Backup '201221' já existe!

12/21/2020 2:06:54 PM
 | INFO |
 | Descrição: Backup '201221' já existe!

12/21/2020 2:07:04 PM
 | INFO |
 | Descrição: Backup '201221' já existe!

12/21/2020 2:07:14 PM
 | INFO |
 | Descrição: Backup '201221' já existe!

12/21/2020 2:07:24 PM
 | INFO |
 | Descrição: Backup '201221' já existe!

12/21/2020 2:07:34 PM
 | INFO |
 | Descrição: Backup '201221' já existe!

12/21/2020 2:07:44 PM
 | INFO |
 | Descrição: Backup '201221' já existe!

12/21/2020 2:07:54 PM
 | INFO |
 | Descrição: Backup '201221' já existe!

12/21/2020 2:08:04 PM
 | INFO |
 | Descrição: Backup '201221' já existe!

12/21/2020 2:08:14 PM
 | INFO |
 | Descrição: Backup '201221' já existe!

12/21/2020 2:08:24 PM
 | INFO |
 | Descrição: Backup '201221' já existe!

12/21/2020 2:08:34 PM
 | INFO |
 | Descrição: Backup '201221' já existe!

12/21/2020 2:08:44 PM
 | INFO |
 | Descrição: Backup '201221' já existe!

12/21/2020 2:08:54 PM
 | INFO |
 | Descrição: Backup '201221' já existe!

12/21/2020 2:09:04 PM
 | INFO |
 | Descrição: Backup '201221' já existe!

12/21/2020 2:09:14 PM
 | INFO |
 | Descrição: Backup '201221' já existe!

12/21/2020 2:09:24 PM
 | INFO |
 | Descrição: Backup '201221' já existe!

12/21/2020 2:09:34 PM
 | INFO |
 | Descrição: Backup '201221' já existe!

12/21/2020 2:09:44 PM
 | INFO |
 | Descrição: Backup '201221' já existe!

12/21/2020 2:09:55 PM
 | INFO |
 | Descrição: Backup '201221' já existe!

12/21/2020 2:10:05 PM
 | INFO |
 | Descrição: Backup '201221' já existe!

12/21/2020 2:10:15 PM
 | INFO |
 | Descrição: Backup '201221' já existe!

12/21/2020 2:10:25 PM
 | INFO |
 | Descrição: Backup '201221' já existe!

12/21/2020 2:10:35 PM
 | INFO |
 | Descrição: Backup '201221' já existe!

12/21/2020 2:10:45 PM
 | INFO |
 | Descrição: Backup '201221' já existe!

12/21/2020 2:10:55 PM
 | INFO |
 | Descrição: Backup '201221' já existe!

12/21/2020 2:11:05 PM
 | INFO |
 | Descrição: Backup '201221' já existe!

12/21/2020 2:11:15 PM
 | INFO |
 | Descrição: Backup '201221' já existe!

12/21/2020 2:11:25 PM
 | INFO |
 | Descrição: Backup '201221' já existe!

12/21/2020 2:11:35 PM
 | INFO |
 | Descrição: Backup '201221' já existe!

12/21/2020 2:11:45 PM
 | INFO |
 | Descrição: Backup '201221' já existe!

12/21/2020 2:11:55 PM
 | INFO |
 | Descrição: Backup '201221' já existe!

12/21/2020 2:12:05 PM
 | INFO |
 | Descrição: Backup '201221' já existe!

12/21/2020 2:12:23 PM
 | INFO |
 | Descrição: Starting Timer v1.1.0: 12/21/2020 2:12:23 PM

12/21/2020 2:12:33 PM
 | INFO |
 | Descrição: Iniciando Backup: 20201221

12/21/2020 2:12:33 PM
 | INFO |
 | Descrição: Iniciando Cópia do Drive.

12/21/2020 2:12:33 PM
 | ERROR |
 | Descrição: Erro durante o Background Worker.
 | Classe: Service1
 | Método: Void AssyncBackup(Boolean, System.DateTime)
 | Exception: The device is not ready.


12/21/2020 2:12:43 PM
 | INFO |
 | Descrição: Backup '201221' já existe!

12/21/2020 2:12:53 PM
 | INFO |
 | Descrição: Backup '201221' já existe!

12/21/2020 2:13:03 PM
 | INFO |
 | Descrição: Backup '201221' já existe!

12/21/2020 2:13:13 PM
 | INFO |
 | Descrição: Backup '201221' já existe!

12/21/2020 2:13:23 PM
 | INFO |
 | Descrição: Backup '201221' já existe!

12/21/2020 2:13:33 PM
 | INFO |
 | Descrição: Backup '201221' já existe!

12/21/2020 2:13:43 PM
 | INFO |
 | Descrição: Backup '201221' já existe!

12/21/2020 2:13:53 PM
 | INFO |
 | Descrição: Backup '201221' já existe!

12/21/2020 2:14:03 PM
 | INFO |
 | Descrição: Backup '201221' já existe!

12/21/2020 2:14:13 PM
 | INFO |
 | Descrição: Backup '201221' já existe!

12/21/2020 2:14:23 PM
 | INFO |
 | Descrição: Backup '201221' já existe!

12/21/2020 2:14:33 PM
 | INFO |
 | Descrição: Backup '201221' já existe!

12/21/2020 2:14:43 PM
 | INFO |
 | Descrição: Backup '201221' já existe!

12/21/2020 2:14:53 PM
 | INFO |
 | Descrição: Backup '201221' já existe!

12/21/2020 2:15:03 PM
 | INFO |
 | Descrição: Backup '201221' já existe!

12/21/2020 2:15:13 PM
 | INFO |
 | Descrição: Backup '201221' já existe!

12/21/2020 2:15:23 PM
 | INFO |
 | Descrição: Backup '201221' já existe!

12/21/2020 2:15:33 PM
 | INFO |
 | Descrição: Backup '201221' já existe!

12/21/2020 2:15:43 PM
 | INFO |
 | Descrição: Backup '201221' já existe!

12/21/2020 2:15:53 PM
 | INFO |
 | Descrição: Backup '201221' já existe!

12/21/2020 2:16:03 PM
 | INFO |
 | Descrição: Backup '201221' já existe!

12/21/2020 2:16:13 PM
 | INFO |
 | Descrição: Backup '201221' já existe!

12/21/2020 2:16:23 PM
 | INFO |
 | Descrição: Backup '201221' já existe!

12/21/2020 2:16:33 PM
 | INFO |
 | Descrição: Backup '201221' já existe!

12/21/2020 2:16:43 PM
 | INFO |
 | Descrição: Backup '201221' já existe!

12/21/2020 2:16:53 PM
 | INFO |
 | Descrição: Backup '201221' já existe!

12/21/2020 2:17:03 PM
 | INFO |
 | Descrição: Backup '201221' já existe!

12/21/2020 2:17:13 PM
 | INFO |
 | Descrição: Backup '201221' já existe!

12/21/2020 2:17:23 PM
 | INFO |
 | Descrição: Backup '201221' já existe!

12/21/2020 2:17:33 PM
 | INFO |
 | Descrição: Backup '201221' já existe!

12/21/2020 2:17:43 PM
 | INFO |
 | Descrição: Backup '201221' já existe!

12/21/2020 2:17:53 PM
 | INFO |
 | Descrição: Backup '201221' já existe!

12/21/2020 2:18:03 PM
 | INFO |
 | Descrição: Backup '201221' já existe!

12/21/2020 2:18:13 PM
 | INFO |
 | Descrição: Backup '201221' já existe!

12/21/2020 2:18:23 PM
 | INFO |
 | Descrição: Backup '201221' já existe!

12/21/2020 2:18:33 PM
 | INFO |
 | Descrição: Backup '201221' já existe!

12/21/2020 2:18:43 PM
 | INFO |
 | Descrição: Backup '201221' já existe!

12/21/2020 2:18:53 PM
 | INFO |
 | Descrição: Backup '201221' já existe!

12/21/2020 2:19:03 PM
 | INFO |
 | Descrição: Backup '201221' já existe!

12/21/2020 2:19:13 PM
 | INFO |
 | Descrição: Backup '201221' já existe!

12/21/2020 2:19:23 PM
 | INFO |
 | Descrição: Backup '201221' já existe!

12/21/2020 2:19:33 PM
 | INFO |
 | Descrição: Backup '201221' já existe!

12/21/2020 2:19:43 PM
 | INFO |
 | Descrição: Backup '201221' já existe!

12/21/2020 2:19:53 PM
 | INFO |
 | Descrição: Backup '201221' já existe!

12/21/2020 2:20:03 PM
 | INFO |
 | Descrição: Backup '201221' já existe!

12/21/2020 2:20:13 PM
 | INFO |
 | Descrição: Backup '201221' já existe!

12/21/2020 2:20:23 PM
 | INFO |
 | Descrição: Backup '201221' já existe!

12/21/2020 2:20:33 PM
 | INFO |
 | Descrição: Backup '201221' já existe!

12/21/2020 2:20:43 PM
 | INFO |
 | Descrição: Backup '201221' já existe!

12/21/2020 2:20:53 PM
 | INFO |
 | Descrição: Backup '201221' já existe!

12/21/2020 2:21:03 PM
 | INFO |
 | Descrição: Backup '201221' já existe!

12/21/2020 2:21:13 PM
 | INFO |
 | Descrição: Backup '201221' já existe!

12/21/2020 2:21:23 PM
 | INFO |
 | Descrição: Backup '201221' já existe!

12/21/2020 2:21:33 PM
 | INFO |
 | Descrição: Backup '201221' já existe!

12/21/2020 2:21:43 PM
 | INFO |
 | Descrição: Backup '201221' já existe!

12/21/2020 2:21:53 PM
 | INFO |
 | Descrição: Backup '201221' já existe!

12/21/2020 2:22:03 PM
 | INFO |
 | Descrição: Backup '201221' já existe!

12/21/2020 2:22:13 PM
 | INFO |
 | Descrição: Backup '201221' já existe!

12/21/2020 2:22:23 PM
 | INFO |
 | Descrição: Backup '201221' já existe!

12/21/2020 2:22:33 PM
 | INFO |
 | Descrição: Backup '201221' já existe!

12/21/2020 2:22:43 PM
 | INFO |
 | Descrição: Backup '201221' já existe!

12/21/2020 2:22:53 PM
 | INFO |
 | Descrição: Backup '201221' já existe!

12/21/2020 2:23:04 PM
 | INFO |
 | Descrição: Backup '201221' já existe!

12/21/2020 2:23:14 PM
 | INFO |
 | Descrição: Backup '201221' já existe!

12/21/2020 2:23:24 PM
 | INFO |
 | Descrição: Backup '201221' já existe!

12/21/2020 2:23:34 PM
 | INFO |
 | Descrição: Backup '201221' já existe!

12/21/2020 2:23:44 PM
 | INFO |
 | Descrição: Backup '201221' já existe!

12/21/2020 2:23:54 PM
 | INFO |
 | Descrição: Backup '201221' já existe!

12/21/2020 2:24:04 PM
 | INFO |
 | Descrição: Backup '201221' já existe!

12/21/2020 2:24:14 PM
 | INFO |
 | Descrição: Backup '201221' já existe!

12/21/2020 2:24:24 PM
 | INFO |
 | Descrição: Backup '201221' já existe!

12/21/2020 2:24:34 PM
 | INFO |
 | Descrição: Backup '201221' já existe!

12/21/2020 2:24:44 PM
 | INFO |
 | Descrição: Backup '201221' já existe!

12/21/2020 2:24:54 PM
 | INFO |
 | Descrição: Backup '201221' já existe!

12/21/2020 2:25:04 PM
 | INFO |
 | Descrição: Backup '201221' já existe!

12/21/2020 2:25:14 PM
 | INFO |
 | Descrição: Backup '201221' já existe!

12/21/2020 2:25:24 PM
 | INFO |
 | Descrição: Backup '201221' já existe!

12/21/2020 2:25:34 PM
 | INFO |
 | Descrição: Backup '201221' já existe!

12/21/2020 2:25:44 PM
 | INFO |
 | Descrição: Backup '201221' já existe!

12/21/2020 2:25:54 PM
 | INFO |
 | Descrição: Backup '201221' já existe!

12/21/2020 2:26:04 PM
 | INFO |
 | Descrição: Backup '201221' já existe!

12/21/2020 2:26:14 PM
 | INFO |
 | Descrição: Backup '201221' já existe!

12/21/2020 2:26:24 PM
 | INFO |
 | Descrição: Backup '201221' já existe!

12/21/2020 2:26:34 PM
 | INFO |
 | Descrição: Backup '201221' já existe!

12/21/2020 2:26:44 PM
 | INFO |
 | Descrição: Backup '201221' já existe!

12/21/2020 2:26:54 PM
 | INFO |
 | Descrição: Backup '201221' já existe!

12/21/2020 2:27:04 PM
 | INFO |
 | Descrição: Backup '201221' já existe!

12/21/2020 2:27:14 PM
 | INFO |
 | Descrição: Backup '201221' já existe!

12/21/2020 2:27:24 PM
 | INFO |
 | Descrição: Backup '201221' já existe!

12/21/2020 2:27:34 PM
 | INFO |
 | Descrição: Backup '201221' já existe!

12/21/2020 2:27:44 PM
 | INFO |
 | Descrição: Backup '201221' já existe!

12/21/2020 2:27:54 PM
 | INFO |
 | Descrição: Backup '201221' já existe!

12/21/2020 2:28:04 PM
 | INFO |
 | Descrição: Backup '201221' já existe!

12/21/2020 2:28:14 PM
 | INFO |
 | Descrição: Backup '201221' já existe!

12/21/2020 2:28:24 PM
 | INFO |
 | Descrição: Backup '201221' já existe!

12/21/2020 2:28:34 PM
 | INFO |
 | Descrição: Backup '201221' já existe!

12/21/2020 2:28:44 PM
 | INFO |
 | Descrição: Backup '201221' já existe!

12/21/2020 2:28:54 PM
 | INFO |
 | Descrição: Backup '201221' já existe!

12/21/2020 2:29:04 PM
 | INFO |
 | Descrição: Backup '201221' já existe!

12/21/2020 2:29:14 PM
 | INFO |
 | Descrição: Backup '201221' já existe!

12/21/2020 2:29:24 PM
 | INFO |
 | Descrição: Backup '201221' já existe!

12/21/2020 2:29:34 PM
 | INFO |
 | Descrição: Backup '201221' já existe!

12/21/2020 2:29:44 PM
 | INFO |
 | Descrição: Backup '201221' já existe!

12/21/2020 2:29:54 PM
 | INFO |
 | Descrição: Backup '201221' já existe!

12/21/2020 2:30:04 PM
 | INFO |
 | Descrição: Backup '201221' já existe!

12/21/2020 2:30:14 PM
 | INFO |
 | Descrição: Backup '201221' já existe!

12/21/2020 2:30:24 PM
 | INFO |
 | Descrição: Backup '201221' já existe!

12/21/2020 2:30:34 PM
 | INFO |
 | Descrição: Backup '201221' já existe!

12/21/2020 2:30:44 PM
 | INFO |
 | Descrição: Backup '201221' já existe!

12/21/2020 2:30:54 PM
 | INFO |
 | Descrição: Backup '201221' já existe!

12/21/2020 2:31:04 PM
 | INFO |
 | Descrição: Backup '201221' já existe!

12/21/2020 2:37:09 PM
 | INFO |
 | Descrição: Backup '201221' já existe!

12/21/2020 2:40:29 PM
 | INFO |
 | Descrição: Iniciando Backup: 20201221

12/21/2020 2:40:29 PM
 | INFO |
 | Descrição: Iniciando Cópia do Drive.

12/21/2020 2:40:30 PM
 | INFO |
 | Descrição: Iniciando Organização das pastas de Backup.

12/21/2020 2:40:30 PM
 | ERROR |
 | Descrição: Falha na Organização dos Backups Diarios, para o diretorio: 201221
 | Classe: OrganizaBackupDiarios
 | Método: Void OrganizaBackupDiarios(System.String, System.DateTime)
 | Exception: The path is not of a legal form.

12/21/2020 2:42:33 PM
 | INFO |
 | Descrição: Backup '201221' já existe!

12/21/2020 2:47:59 PM
 | INFO |
 | Descrição: Iniciando Backup: 20201221

12/21/2020 2:48:00 PM
 | INFO |
 | Descrição: Iniciando Cópia do Drive.

12/21/2020 2:48:15 PM
 | INFO |
 | Descrição: Iniciando Organização das pastas de Backup.

12/21/2020 2:48:26 PM
 | ERROR |
 | Descrição: Falha na Organização dos Backups Diarios, para o diretorio: 201221
 | Classe: OrganizaBackupDiarios
 | Método: Void OrganizaBackupDiarios(System.String, System.DateTime)
 | Exception: The path is not of a legal form.

12/21/2020 2:50:12 PM
 | INFO |
 | Descrição: Backup '201221' já existe!

12/21/2020 2:51:17 PM
 | INFO |
 | Descrição: Iniciando Backup: 20201221

12/21/2020 2:51:17 PM
 | INFO |
 | Descrição: Iniciando Cópia do Drive.

12/21/2020 2:54:57 PM
 | INFO |
 | Descrição: Iniciando Organização das pastas de Backup.

12/21/2020 2:55:04 PM
 | ERROR |
 | Descrição: Falha na Organização dos Backups Diarios, para o diretorio: 201221
 | Classe: OrganizaBackupDiarios
 | Método: Void OrganizaBackupDiarios(System.String, System.DateTime)
 | Exception: The path is not of a legal form.

12/21/2020 2:58:42 PM
 | INFO |
 | Descrição: Backup '201221' já existe!

12/21/2020 2:59:00 PM
 | INFO |
 | Descrição: Iniciando Backup: 20201221

12/21/2020 2:59:00 PM
 | INFO |
 | Descrição: Iniciando Cópia do Drive.

12/21/2020 2:59:14 PM
 | INFO |
 | Descrição: Iniciando Backup: 20201221

12/21/2020 2:59:14 PM
 | INFO |
 | Descrição: Iniciando Cópia do Drive.

12/21/2020 2:59:15 PM
 | INFO |
 | Descrição: Iniciando Organização das pastas de Backup.

12/21/2020 2:59:15 PM
 | ERROR |
 | Descrição: Falha na Organização dos Backups Diarios, para o diretorio: 201221
 | Classe: OrganizaBackupDiarios
 | Método: Void OrganizaBackupDiarios(System.String, System.DateTime)
 | Exception: The path is not of a legal form.

12/21/2020 3:03:13 PM
 | INFO |
 | Descrição: Iniciando Backup: 20201221

12/21/2020 3:03:13 PM
 | INFO |
 | Descrição: Iniciando Cópia do Drive.

12/21/2020 3:03:13 PM
 | INFO |
 | Descrição: Iniciando Organização das pastas de Backup.

12/21/2020 3:03:13 PM
 | ERROR |
 | Descrição: Falha na Organização dos Backups Diarios, para o diretorio: 201221
 | Classe: OrganizaBackupDiarios
 | Método: Void OrganizaBackupDiarios(System.String, System.DateTime)
 | Exception: The path is not of a legal form.

12/21/2020 3:06:41 PM
 | INFO |
 | Descrição: Iniciando Backup: 20201221

12/21/2020 3:06:41 PM
 | INFO |
 | Descrição: Iniciando Cópia do Drive.

12/21/2020 3:06:42 PM
 | INFO |
 | Descrição: Iniciando Organização das pastas de Backup.

12/21/2020 3:06:42 PM
 | ERROR |
 | Descrição: Falha na Organização dos Backups Diarios, para o diretorio: 201221
 | Classe: OrganizaBackupDiarios
 | Método: Void OrganizaBackupDiarios(System.String, System.DateTime)
 | Exception: The path is not of a legal form.

12/21/2020 3:07:24 PM
 | INFO |
 | Descrição: Backup '201221' já existe!

12/21/2020 3:09:29 PM
 | INFO |
 | Descrição: Iniciando Backup: 20201221

12/21/2020 3:09:29 PM
 | INFO |
 | Descrição: Iniciando Cópia do Drive.

12/21/2020 3:09:30 PM
 | INFO |
 | Descrição: Iniciando Organização das pastas de Backup.

12/21/2020 3:09:30 PM
 | ERROR |
 | Descrição: Falha na Organização dos Backups Diarios, para o diretorio: 201221
 | Classe: OrganizaBackupDiarios
 | Método: Void OrganizaBackupDiarios(System.String, System.DateTime)
 | Exception: The path is not of a legal form.

12/21/2020 3:09:56 PM
 | INFO |
 | Descrição: Backup '201221' já existe!

12/21/2020 3:10:45 PM
 | INFO |
 | Descrição: Backup '201221' já existe!

12/21/2020 3:11:11 PM
 | INFO |
 | Descrição: Backup '201221' já existe!

12/21/2020 3:16:49 PM
 | INFO |
 | Descrição: Iniciando Backup: 20201221

12/21/2020 3:16:49 PM
 | INFO |
 | Descrição: Iniciando Cópia do Drive.

12/21/2020 3:16:50 PM
 | INFO |
 | Descrição: Iniciando Organização das pastas de Backup.

12/21/2020 3:17:44 PM
 | INFO |
 | Descrição: Backup 'C:\TesteBackupSBUILD\D\201221' já existe!

12/21/2020 3:23:17 PM
 | INFO |
 | Descrição: Iniciando Backup: 20201221

12/21/2020 3:23:17 PM
 | INFO |
 | Descrição: Iniciando Cópia do Drive.

12/21/2020 3:27:37 PM
 | INFO |
 | Descrição: Iniciando Organização das pastas de Backup.

12/21/2020 3:30:13 PM
 | INFO |
 | Descrição: Iniciando Backup: 20201221

12/21/2020 3:30:13 PM
 | INFO |
 | Descrição: Iniciando Cópia do Drive.

12/21/2020 3:30:14 PM
 | INFO |
 | Descrição: Iniciando Organização das pastas de Backup.

12/21/2020 3:32:16 PM
 | INFO |
 | Descrição: Iniciando Backup: 20201221

12/21/2020 3:32:16 PM
 | INFO |
 | Descrição: Iniciando Cópia do Drive.

12/21/2020 3:32:17 PM
 | INFO |
 | Descrição: Iniciando Organização das pastas de Backup.

12/21/2020 3:33:27 PM
 | INFO |
 | Descrição: Backup 'C:\TesteBackupSBUILD\D\201221' já existe!

12/21/2020 3:33:57 PM
 | INFO |
 | Descrição: Iniciando Backup: 20201221

12/21/2020 3:33:57 PM
 | INFO |
 | Descrição: Iniciando Cópia do Drive.

12/21/2020 3:33:59 PM
 | INFO |
 | Descrição: Iniciando Organização das pastas de Backup.

12/21/2020 3:43:14 PM
 | INFO |
 | Descrição: Backup 'C:\TesteBackupSBUILD\D\201221' já existe!

12/21/2020 3:46:30 PM
 | INFO |
 | Descrição: Starting Timer v1.1.0: 12/21/2020 3:46:30 PM

12/21/2020 3:47:03 PM
 | INFO |
 | Descrição: Iniciando Backup: 20201221

12/21/2020 3:47:03 PM
 | INFO |
 | Descrição: Iniciando Cópia do Drive.

12/21/2020 3:47:04 PM
 | INFO |
 | Descrição: Iniciando Organização das pastas de Backup.

12/21/2020 3:47:07 PM
 | INFO |
 | Descrição: Backup 'C:\TesteBackupSBUILD\D\201221' já existe!

12/21/2020 3:47:13 PM
 | ATENÇÃO |
 | Descrição: Backup 'C:\TesteBackupSBUILD\D\201221' já existe!
 | Classe: AssyncBackup
 | Método: Void AssyncBackup(Boolean, System.DateTime)
 | Exception: 

12/21/2020 3:47:13 PM
 | INFO |
 | Descrição: Backup 'C:\TesteBackupSBUILD\D\201221' já existe!

12/21/2020 3:47:23 PM
 | ATENÇÃO |
 | Descrição: Backup 'C:\TesteBackupSBUILD\D\201221' já existe!
 | Classe: AssyncBackup
 | Método: Void AssyncBackup(Boolean, System.DateTime)
 | Exception: 

12/21/2020 3:47:23 PM
 | INFO |
 | Descrição: Backup 'C:\TesteBackupSBUILD\D\201221' já existe!

12/21/2020 3:47:33 PM
 | ATENÇÃO |
 | Descrição: Backup 'C:\TesteBackupSBUILD\D\201221' já existe!
 | Classe: AssyncBackup
 | Método: Void AssyncBackup(Boolean, System.DateTime)
 | Exception: 

12/21/2020 3:47:33 PM
 | INFO |
 | Descrição: Backup 'C:\TesteBackupSBUILD\D\201221' já existe!

12/21/2020 3:47:43 PM
 | ATENÇÃO |
 | Descrição: Backup 'C:\TesteBackupSBUILD\D\201221' já existe!
 | Classe: AssyncBackup
 | Método: Void AssyncBackup(Boolean, System.DateTime)
 | Exception: 

12/21/2020 3:47:43 PM
 | INFO |
 | Descrição: Backup 'C:\TesteBackupSBUILD\D\201221' já existe!

12/21/2020 3:47:53 PM
 | ATENÇÃO |
 | Descrição: Backup 'C:\TesteBackupSBUILD\D\201221' já existe!
 | Classe: AssyncBackup
 | Método: Void AssyncBackup(Boolean, System.DateTime)
 | Exception: 

12/21/2020 3:47:53 PM
 | INFO |
 | Descrição: Backup 'C:\TesteBackupSBUILD\D\201221' já existe!

12/21/2020 3:48:00 PM
 | INFO |
 | Descrição: Backup 'C:\TesteBackupSBUILD\D\201221' já existe!

12/21/2020 3:48:10 PM
 | INFO |
 | Descrição: Backup 'C:\TesteBackupSBUILD\D\201221' já existe!

12/21/2020 3:48:20 PM
 | INFO |
 | Descrição: Backup 'C:\TesteBackupSBUILD\D\201221' já existe!

12/21/2020 3:48:30 PM
 | INFO |
 | Descrição: Backup 'C:\TesteBackupSBUILD\D\201221' já existe!

12/21/2020 3:48:40 PM
 | INFO |
 | Descrição: Backup 'C:\TesteBackupSBUILD\D\201221' já existe!

12/21/2020 3:48:50 PM
 | INFO |
 | Descrição: Backup 'C:\TesteBackupSBUILD\D\201221' já existe!

12/21/2020 3:49:00 PM
 | INFO |
 | Descrição: Backup 'C:\TesteBackupSBUILD\D\201221' já existe!

12/21/2020 3:49:31 PM
 | INFO |
 | Descrição: Starting Timer v1.1.0: 12/21/2020 3:49:31 PM

12/21/2020 3:51:04 PM
 | INFO |
 | Descrição: Iniciando Backup: 20201221

12/21/2020 3:51:04 PM
 | INFO |
 | Descrição: Iniciando Cópia do Drive.

12/21/2020 3:51:04 PM
 | INFO |
 | Descrição: Iniciando Organização das pastas de Backup.

12/21/2020 3:51:08 PM
 | INFO |
 | Descrição: Backup 'C:\TesteBackupSBUILD\D\201221' já existe!

12/21/2020 3:51:14 PM
 | ATENÇÃO |
 | Descrição: Backup 'C:\TesteBackupSBUILD\D\201221' já existe!
 | Classe: AssyncBackup
 | Método: Void AssyncBackup(Boolean, System.DateTime)
 | Exception: 

12/21/2020 3:51:14 PM
 | INFO |
 | Descrição: Backup 'C:\TesteBackupSBUILD\D\201221' já existe!

12/21/2020 3:51:24 PM
 | ATENÇÃO |
 | Descrição: Backup 'C:\TesteBackupSBUILD\D\201221' já existe!
 | Classe: AssyncBackup
 | Método: Void AssyncBackup(Boolean, System.DateTime)
 | Exception: 

12/21/2020 3:51:24 PM
 | INFO |
 | Descrição: Backup 'C:\TesteBackupSBUILD\D\201221' já existe!

12/21/2020 3:51:50 PM
 | INFO |
 | Descrição: Starting Timer v1.1.0: 12/21/2020 3:51:50 PM

12/21/2020 3:55:03 PM
 | INFO |
 | Descrição: Iniciando Backup: 20201221

12/21/2020 3:55:03 PM
 | INFO |
 | Descrição: Iniciando Cópia do Drive.

12/21/2020 3:55:04 PM
 | INFO |
 | Descrição: Iniciando Organização das pastas de Backup.

12/21/2020 3:55:07 PM
 | INFO |
 | Descrição: Backup 'C:\TesteBackupSBUILD\D\201221' já existe!

12/21/2020 3:55:13 PM
 | ATENÇÃO |
 | Descrição: Backup 'C:\TesteBackupSBUILD\D\201221' já existe!
 | Classe: AssyncBackup
 | Método: Void AssyncBackup(Boolean, System.DateTime)
 | Exception: 

12/21/2020 3:55:13 PM
 | INFO |
 | Descrição: Backup 'C:\TesteBackupSBUILD\D\201221' já existe!

12/21/2020 3:55:23 PM
 | ATENÇÃO |
 | Descrição: Backup 'C:\TesteBackupSBUILD\D\201221' já existe!
 | Classe: AssyncBackup
 | Método: Void AssyncBackup(Boolean, System.DateTime)
 | Exception: 

12/21/2020 3:55:23 PM
 | INFO |
 | Descrição: Backup 'C:\TesteBackupSBUILD\D\201221' já existe!

12/21/2020 3:55:33 PM
 | ATENÇÃO |
 | Descrição: Backup 'C:\TesteBackupSBUILD\D\201221' já existe!
 | Classe: AssyncBackup
 | Método: Void AssyncBackup(Boolean, System.DateTime)
 | Exception: 

12/21/2020 3:55:33 PM
 | INFO |
 | Descrição: Backup 'C:\TesteBackupSBUILD\D\201221' já existe!

12/21/2020 3:55:53 PM
 | INFO |
 | Descrição: Starting Timer v1.1.0: 12/21/2020 3:55:53 PM

12/21/2020 3:56:05 PM
 | INFO |
 | Descrição: Iniciando Backup: 20201221

12/21/2020 3:56:05 PM
 | INFO |
 | Descrição: Iniciando Cópia do Drive.

12/21/2020 3:56:06 PM
 | INFO |
 | Descrição: Iniciando Organização das pastas de Backup.

12/21/2020 3:56:06 PM
 | ERROR |
 | Descrição: Falha na Organização dos Backups Diarios, para o diretorio: 201221
 | Classe: OrganizaBackupDiarios
 | Método: Void OrganizaBackupDiarios(System.String, System.DateTime)
 | Exception: The path is not of a legal form.

12/21/2020 3:56:16 PM
 | INFO |
 | Descrição: Iniciando Backup: 20201221

12/21/2020 3:56:16 PM
 | INFO |
 | Descrição: Iniciando Cópia do Drive.

12/21/2020 3:56:16 PM
 | INFO |
 | Descrição: Iniciando Organização das pastas de Backup.

12/21/2020 3:56:19 PM
 | INFO |
 | Descrição: Backup 'C:\TesteBackupSBUILD\D\201221' já existe!

12/21/2020 3:56:26 PM
 | ATENÇÃO |
 | Descrição: Backup 'C:\TesteBackupSBUILD\D\201221' já existe!
 | Classe: AssyncBackup
 | Método: Void AssyncBackup(Boolean, System.DateTime)
 | Exception: 

12/21/2020 3:56:26 PM
 | INFO |
 | Descrição: Backup 'C:\TesteBackupSBUILD\D\201221' já existe!

12/21/2020 3:56:36 PM
 | ATENÇÃO |
 | Descrição: Backup 'C:\TesteBackupSBUILD\D\201221' já existe!
 | Classe: AssyncBackup
 | Método: Void AssyncBackup(Boolean, System.DateTime)
 | Exception: 

12/21/2020 3:56:36 PM
 | INFO |
 | Descrição: Backup 'C:\TesteBackupSBUILD\D\201221' já existe!

12/21/2020 3:56:46 PM
 | ATENÇÃO |
 | Descrição: Backup 'C:\TesteBackupSBUILD\D\201221' já existe!
 | Classe: AssyncBackup
 | Método: Void AssyncBackup(Boolean, System.DateTime)
 | Exception: 

12/21/2020 3:56:46 PM
 | INFO |
 | Descrição: Backup 'C:\TesteBackupSBUILD\D\201221' já existe!

12/21/2020 3:56:56 PM
 | ATENÇÃO |
 | Descrição: Backup 'C:\TesteBackupSBUILD\D\201221' já existe!
 | Classe: AssyncBackup
 | Método: Void AssyncBackup(Boolean, System.DateTime)
 | Exception: 

12/21/2020 3:56:56 PM
 | INFO |
 | Descrição: Backup 'C:\TesteBackupSBUILD\D\201221' já existe!

12/21/2020 3:57:03 PM
 | INFO |
 | Descrição: Backup 'C:\TesteBackupSBUILD\D\201221' já existe!

12/21/2020 3:57:13 PM
 | INFO |
 | Descrição: Backup 'C:\TesteBackupSBUILD\D\201221' já existe!

12/21/2020 3:57:23 PM
 | INFO |
 | Descrição: Backup 'C:\TesteBackupSBUILD\D\201221' já existe!

12/21/2020 3:57:33 PM
 | INFO |
 | Descrição: Backup 'C:\TesteBackupSBUILD\D\201221' já existe!

12/21/2020 3:57:43 PM
 | INFO |
 | Descrição: Backup 'C:\TesteBackupSBUILD\D\201221' já existe!

12/21/2020 3:57:53 PM
 | INFO |
 | Descrição: Backup 'C:\TesteBackupSBUILD\D\201221' já existe!

12/21/2020 3:58:03 PM
 | INFO |
 | Descrição: Backup 'C:\TesteBackupSBUILD\D\201221' já existe!

12/21/2020 3:58:13 PM
 | INFO |
 | Descrição: Backup 'C:\TesteBackupSBUILD\D\201221' já existe!

12/21/2020 3:58:23 PM
 | INFO |
 | Descrição: Backup 'C:\TesteBackupSBUILD\D\201221' já existe!

12/21/2020 3:58:33 PM
 | INFO |
 | Descrição: Backup 'C:\TesteBackupSBUILD\D\201221' já existe!

12/21/2020 3:58:43 PM
 | INFO |
 | Descrição: Backup 'C:\TesteBackupSBUILD\D\201221' já existe!

12/21/2020 3:58:53 PM
 | INFO |
 | Descrição: Backup 'C:\TesteBackupSBUILD\D\201221' já existe!

12/21/2020 3:59:03 PM
 | INFO |
 | Descrição: Backup 'C:\TesteBackupSBUILD\D\201221' já existe!

12/21/2020 3:59:13 PM
 | INFO |
 | Descrição: Backup 'C:\TesteBackupSBUILD\D\201221' já existe!

12/21/2020 3:59:23 PM
 | INFO |
 | Descrição: Backup 'C:\TesteBackupSBUILD\D\201221' já existe!

12/21/2020 3:59:33 PM
 | INFO |
 | Descrição: Backup 'C:\TesteBackupSBUILD\D\201221' já existe!

12/21/2020 3:59:43 PM
 | INFO |
 | Descrição: Backup 'C:\TesteBackupSBUILD\D\201221' já existe!

12/21/2020 3:59:53 PM
 | INFO |
 | Descrição: Backup 'C:\TesteBackupSBUILD\D\201221' já existe!

12/21/2020 4:00:03 PM
 | INFO |
 | Descrição: Backup 'C:\TesteBackupSBUILD\D\201221' já existe!

12/21/2020 4:00:13 PM
 | INFO |
 | Descrição: Backup 'C:\TesteBackupSBUILD\D\201221' já existe!

12/21/2020 4:00:23 PM
 | INFO |
 | Descrição: Backup 'C:\TesteBackupSBUILD\D\201221' já existe!

12/21/2020 4:00:33 PM
 | INFO |
 | Descrição: Backup 'C:\TesteBackupSBUILD\D\201221' já existe!

12/21/2020 4:00:43 PM
 | INFO |
 | Descrição: Backup 'C:\TesteBackupSBUILD\D\201221' já existe!

12/21/2020 4:00:53 PM
 | INFO |
 | Descrição: Backup 'C:\TesteBackupSBUILD\D\201221' já existe!

12/21/2020 4:01:03 PM
 | INFO |
 | Descrição: Backup 'C:\TesteBackupSBUILD\D\201221' já existe!

12/21/2020 4:01:13 PM
 | INFO |
 | Descrição: Backup 'C:\TesteBackupSBUILD\D\201221' já existe!

12/21/2020 4:01:23 PM
 | INFO |
 | Descrição: Backup 'C:\TesteBackupSBUILD\D\201221' já existe!

12/21/2020 4:01:33 PM
 | INFO |
 | Descrição: Backup 'C:\TesteBackupSBUILD\D\201221' já existe!

12/21/2020 4:01:43 PM
 | INFO |
 | Descrição: Backup 'C:\TesteBackupSBUILD\D\201221' já existe!

12/21/2020 4:01:53 PM
 | INFO |
 | Descrição: Backup 'C:\TesteBackupSBUILD\D\201221' já existe!

12/21/2020 4:02:03 PM
 | INFO |
 | Descrição: Backup 'C:\TesteBackupSBUILD\D\201221' já existe!

23/12/2020 18:55:02
 | INFO |
 | Descrição: Starting Timer v1.1.0: 23/12/2020 18:55:02

12/28/2020 8:44:56 AM
 | INFO |
 | Descrição: Starting Timer v1.1.0: 12/28/2020 8:44:56 AM

12/28/2020 8:46:05 AM
 | INFO |
 | Descrição: Starting Timer v1.1.0: 12/28/2020 8:46:05 AM

12/28/2020 11:09:19 AM
 | INFO |
 | Descrição: Starting Timer v1.1.0: 12/28/2020 11:09:19 AM

12/28/2020 11:46:43 AM
 | INFO |
 | Descrição: Starting Timer v1.1.0: 12/28/2020 11:46:43 AM

12/28/2020 11:47:15 AM
 | INFO |
 | Descrição: Starting Timer v1.1.0: 12/28/2020 11:47:15 AM

12/28/2020 11:51:09 AM
 | INFO |
 | Descrição: Starting Timer v1.1.0: 12/28/2020 11:51:09 AM

12/28/2020 11:51:39 AM
 | INFO |
 | Descrição: Starting Timer v1.1.0: 12/28/2020 11:51:39 AM

12/28/2020 11:52:38 AM
 | INFO |
 | Descrição: Starting Timer v1.1.0: 12/28/2020 11:52:38 AM

12/28/2020 11:53:26 AM
 | INFO |
 | Descrição: Starting Timer v1.1.0: 12/28/2020 11:53:26 AM

12/28/2020 11:57:39 AM
 | INFO |
 | Descrição: Starting Timer v1.1.0: 12/28/2020 11:57:39 AM

12/28/2020 11:58:33 AM
 | INFO |
 | Descrição: Starting Timer v1.1.0: 12/28/2020 11:58:33 AM

12/28/2020 11:58:45 AM
 | INFO |
 | Descrição: Starting Timer v1.1.0: 12/28/2020 11:58:45 AM

12/28/2020 11:59:20 AM
 | INFO |
 | Descrição: Starting Timer v1.1.0: 12/28/2020 11:59:20 AM

12/28/2020 1:22:54 PM
 | INFO |
 | Descrição: Starting Timer v1.1.0: 12/28/2020 1:22:54 PM

12/28/2020 1:23:21 PM
 | INFO |
 | Descrição: Starting Timer v1.1.0: 12/28/2020 1:23:21 PM

12/28/2020 2:20:33 PM
 | ERROR |
 | Descrição: Falha no Envio do Email
 | Classe: SendEmail
 | Método: Boolean SendEmail()
 | Exception: Object reference not set to an instance of an object.

12/28/2020 2:27:49 PM
 | INFO |
 | Descrição: Iniciando Backup: 20201228

12/28/2020 2:28:00 PM
 | INFO |
 | Descrição: Iniciando Cópia do Drive.

12/28/2020 2:28:43 PM
 | INFO |
 | Descrição: Iniciando Organização das pastas de Backup.

12/28/2020 2:31:03 PM
 | INFO |
 | Descrição: Backup 'C:\TesteBackupSBUILD\D\201228' já existe!

12/28/2020 2:32:20 PM
 | ERROR |
 | Descrição: Falha no Envio do Email
 | Classe: SendEmail
 | Método: Boolean SendEmail()
 | Exception: Value cannot be null.
Parameter name: addresses

12/28/2020 2:32:20 PM
 | INFO |
 | Descrição: Iniciando Backup: 20201228

12/28/2020 2:32:20 PM
 | INFO |
 | Descrição: Iniciando Cópia do Drive.

12/28/2020 2:32:21 PM
 | INFO |
 | Descrição: Iniciando Organização das pastas de Backup.

12/28/2020 2:32:22 PM
 | ERROR |
 | Descrição: Falha no Envio do Email
 | Classe: SendEmail
 | Método: Boolean SendEmail()
 | Exception: Value cannot be null.
Parameter name: addresses

12/28/2020 2:32:43 PM
 | INFO |
 | Descrição: Backup 'C:\TesteBackupSBUILD\D\201228' já existe!

12/28/2020 2:33:16 PM
 | ERROR |
 | Descrição: Falha no Envio do Email
 | Classe: SendEmail
 | Método: Boolean SendEmail()
 | Exception: Value cannot be null.
Parameter name: addresses

12/28/2020 2:33:16 PM
 | INFO |
 | Descrição: Iniciando Backup: 20201228

12/28/2020 2:33:16 PM
 | INFO |
 | Descrição: Iniciando Cópia do Drive.

12/28/2020 2:33:16 PM
 | INFO |
 | Descrição: Iniciando Organização das pastas de Backup.

12/28/2020 2:33:17 PM
 | ERROR |
 | Descrição: Falha no Envio do Email
 | Classe: SendEmail
 | Método: Boolean SendEmail()
 | Exception: Value cannot be null.
Parameter name: addresses

12/28/2020 2:34:08 PM
 | ERROR |
 | Descrição: Falha no Envio do Email
 | Classe: SendEmail
 | Método: Boolean SendEmail()
 | Exception: Value cannot be null.
Parameter name: addresses

12/28/2020 2:34:08 PM
 | INFO |
 | Descrição: Iniciando Backup: 20201228

12/28/2020 2:34:08 PM
 | INFO |
 | Descrição: Iniciando Cópia do Drive.

12/28/2020 2:34:08 PM
 | INFO |
 | Descrição: Iniciando Organização das pastas de Backup.

12/28/2020 2:34:09 PM
 | ERROR |
 | Descrição: Falha no Envio do Email
 | Classe: SendEmail
 | Método: Boolean SendEmail()
 | Exception: Value cannot be null.
Parameter name: addresses

12/28/2020 2:34:25 PM
 | INFO |
 | Descrição: Backup 'C:\TesteBackupSBUILD\D\201228' já existe!

12/28/2020 2:34:40 PM
 | ERROR |
 | Descrição: Falha no Envio do Email
 | Classe: SendEmail
 | Método: Boolean SendEmail()
 | Exception: Value cannot be null.
Parameter name: addresses

12/28/2020 2:34:40 PM
 | INFO |
 | Descrição: Iniciando Backup: 20201228

12/28/2020 2:34:40 PM
 | INFO |
 | Descrição: Iniciando Cópia do Drive.

12/28/2020 2:34:41 PM
 | INFO |
 | Descrição: Iniciando Organização das pastas de Backup.

12/28/2020 2:34:41 PM
 | ERROR |
 | Descrição: Falha no Envio do Email
 | Classe: SendEmail
 | Método: Boolean SendEmail()
 | Exception: Value cannot be null.
Parameter name: addresses

12/28/2020 2:35:03 PM
 | INFO |
 | Descrição: Backup 'C:\TesteBackupSBUILD\D\201228' já existe!

12/28/2020 2:39:30 PM
 | INFO |
 | Descrição: Iniciando Backup: 20201228

12/28/2020 2:39:31 PM
 | INFO |
 | Descrição: Iniciando Cópia do Drive.

12/28/2020 2:39:35 PM
 | INFO |
 | Descrição: Iniciando Organização das pastas de Backup.

12/29/2020 10:56:20 AM
 | INFO |
 | Descrição: Iniciando Backup: 20201229

12/29/2020 10:56:20 AM
 | INFO |
 | Descrição: Iniciando Cópia do Drive.

12/29/2020 10:56:21 AM
 | INFO |
 | Descrição: Iniciando Organização das pastas de Backup.

12/29/2020 10:57:14 AM
 | INFO |
 | Descrição: Backup 'C:\TesteBackupSBUILD\D\201229' já existe!

12/29/2020 10:58:13 AM
 | INFO |
 | Descrição: Backup 'C:\TesteBackupSBUILD\D\201229' já existe!

12/29/2020 10:59:49 AM
 | INFO |
 | Descrição: Iniciando Backup: 20201229

12/29/2020 10:59:50 AM
 | INFO |
 | Descrição: Iniciando Cópia do Drive.

12/29/2020 11:02:01 AM
 | INFO |
 | Descrição: Iniciando Backup: 20201229

12/29/2020 11:02:01 AM
 | INFO |
 | Descrição: Iniciando Cópia do Drive.

12/29/2020 11:35:16 AM
 | INFO |
 | Descrição: Backup 'C:\TesteBackupSBUILD\D\201229' já existe!

12/29/2020 11:36:54 AM
 | INFO |
 | Descrição: Starting Timer v1.1.0: 12/29/2020 11:36:54 AM

12/29/2020 11:37:04 AM
 | INFO |
 | Descrição: Backup 'C:\TesteBackupSBUILD\D\201229' já existe!

12/29/2020 11:37:14 AM
 | INFO |
 | Descrição: Backup 'C:\TesteBackupSBUILD\D\201229' já existe!

12/29/2020 11:37:24 AM
 | INFO |
 | Descrição: Backup 'C:\TesteBackupSBUILD\D\201229' já existe!

12/29/2020 11:37:34 AM
 | INFO |
 | Descrição: Backup 'C:\TesteBackupSBUILD\D\201229' já existe!

12/29/2020 11:37:44 AM
 | INFO |
 | Descrição: Backup 'C:\TesteBackupSBUILD\D\201229' já existe!

12/29/2020 11:37:54 AM
 | INFO |
 | Descrição: Backup 'C:\TesteBackupSBUILD\D\201229' já existe!

12/29/2020 11:38:04 AM
 | INFO |
 | Descrição: Backup 'C:\TesteBackupSBUILD\D\201229' já existe!

12/29/2020 11:38:14 AM
 | INFO |
 | Descrição: Backup 'C:\TesteBackupSBUILD\D\201229' já existe!

12/29/2020 11:38:24 AM
 | INFO |
 | Descrição: Backup 'C:\TesteBackupSBUILD\D\201229' já existe!

12/29/2020 11:38:34 AM
 | INFO |
 | Descrição: Backup 'C:\TesteBackupSBUILD\D\201229' já existe!

12/29/2020 11:38:44 AM
 | INFO |
 | Descrição: Backup 'C:\TesteBackupSBUILD\D\201229' já existe!

12/29/2020 11:38:54 AM
 | INFO |
 | Descrição: Backup 'C:\TesteBackupSBUILD\D\201229' já existe!

12/29/2020 11:39:04 AM
 | INFO |
 | Descrição: Backup 'C:\TesteBackupSBUILD\D\201229' já existe!

12/29/2020 11:39:14 AM
 | INFO |
 | Descrição: Backup 'C:\TesteBackupSBUILD\D\201229' já existe!

12/29/2020 11:39:24 AM
 | INFO |
 | Descrição: Backup 'C:\TesteBackupSBUILD\D\201229' já existe!

12/29/2020 11:39:34 AM
 | INFO |
 | Descrição: Backup 'C:\TesteBackupSBUILD\D\201229' já existe!

12/29/2020 11:39:44 AM
 | INFO |
 | Descrição: Backup 'C:\TesteBackupSBUILD\D\201229' já existe!

12/29/2020 11:39:54 AM
 | INFO |
 | Descrição: Backup 'C:\TesteBackupSBUILD\D\201229' já existe!

12/29/2020 11:40:04 AM
 | INFO |
 | Descrição: Backup 'C:\TesteBackupSBUILD\D\201229' já existe!

12/29/2020 11:40:14 AM
 | INFO |
 | Descrição: Backup 'C:\TesteBackupSBUILD\D\201229' já existe!

12/29/2020 11:40:24 AM
 | INFO |
 | Descrição: Backup 'C:\TesteBackupSBUILD\D\201229' já existe!

12/29/2020 11:40:34 AM
 | INFO |
 | Descrição: Backup 'C:\TesteBackupSBUILD\D\201229' já existe!

12/29/2020 11:40:44 AM
 | INFO |
 | Descrição: Backup 'C:\TesteBackupSBUILD\D\201229' já existe!

12/29/2020 11:40:54 AM
 | INFO |
 | Descrição: Backup 'C:\TesteBackupSBUILD\D\201229' já existe!

12/29/2020 11:41:04 AM
 | INFO |
 | Descrição: Backup 'C:\TesteBackupSBUILD\D\201229' já existe!

12/29/2020 11:41:14 AM
 | INFO |
 | Descrição: Backup 'C:\TesteBackupSBUILD\D\201229' já existe!

12/29/2020 11:41:24 AM
 | INFO |
 | Descrição: Backup 'C:\TesteBackupSBUILD\D\201229' já existe!

12/29/2020 11:41:34 AM
 | INFO |
 | Descrição: Backup 'C:\TesteBackupSBUILD\D\201229' já existe!

12/29/2020 11:41:44 AM
 | INFO |
 | Descrição: Backup 'C:\TesteBackupSBUILD\D\201229' já existe!

12/29/2020 11:41:54 AM
 | INFO |
 | Descrição: Backup 'C:\TesteBackupSBUILD\D\201229' já existe!

12/29/2020 11:42:04 AM
 | INFO |
 | Descrição: Backup 'C:\TesteBackupSBUILD\D\201229' já existe!

12/29/2020 11:42:14 AM
 | INFO |
 | Descrição: Backup 'C:\TesteBackupSBUILD\D\201229' já existe!

12/29/2020 11:42:24 AM
 | INFO |
 | Descrição: Backup 'C:\TesteBackupSBUILD\D\201229' já existe!

12/29/2020 11:42:34 AM
 | INFO |
 | Descrição: Backup 'C:\TesteBackupSBUILD\D\201229' já existe!

12/29/2020 11:42:44 AM
 | INFO |
 | Descrição: Backup 'C:\TesteBackupSBUILD\D\201229' já existe!

12/29/2020 11:42:54 AM
 | INFO |
 | Descrição: Backup 'C:\TesteBackupSBUILD\D\201229' já existe!

12/29/2020 11:43:04 AM
 | INFO |
 | Descrição: Backup 'C:\TesteBackupSBUILD\D\201229' já existe!

12/29/2020 11:43:14 AM
 | INFO |
 | Descrição: Backup 'C:\TesteBackupSBUILD\D\201229' já existe!

12/29/2020 11:43:24 AM
 | INFO |
 | Descrição: Backup 'C:\TesteBackupSBUILD\D\201229' já existe!

12/29/2020 11:43:34 AM
 | INFO |
 | Descrição: Backup 'C:\TesteBackupSBUILD\D\201229' já existe!

12/29/2020 11:43:44 AM
 | INFO |
 | Descrição: Backup 'C:\TesteBackupSBUILD\D\201229' já existe!

12/29/2020 11:43:50 AM
 | INFO |
 | Descrição: Starting Timer v1.1.0: 12/29/2020 11:43:50 AM

12/29/2020 11:44:00 AM
 | INFO |
 | Descrição: Backup 'C:\TesteBackupSBUILD\D\201229' já existe!

12/29/2020 11:44:10 AM
 | INFO |
 | Descrição: Backup 'C:\TesteBackupSBUILD\D\201229' já existe!

12/29/2020 11:44:20 AM
 | INFO |
 | Descrição: Backup 'C:\TesteBackupSBUILD\D\201229' já existe!

12/29/2020 11:44:31 AM
 | INFO |
 | Descrição: Backup 'C:\TesteBackupSBUILD\D\201229' já existe!

12/29/2020 11:47:37 AM
 | INFO |
 | Descrição: Starting Timer v1.1.0: 12/29/2020 11:47:37 AM

12/29/2020 11:47:48 AM
 | INFO |
 | Descrição: Backup 'C:\TesteBackupSBUILD\D\201229' já existe!

12/29/2020 11:47:58 AM
 | INFO |
 | Descrição: Backup 'C:\TesteBackupSBUILD\D\201229' já existe!

12/29/2020 11:48:09 AM
 | INFO |
 | Descrição: Backup 'C:\TesteBackupSBUILD\D\201229' já existe!

12/29/2020 11:50:24 AM
 | INFO |
 | Descrição: Starting Timer v1.1.0: 12/29/2020 11:50:24 AM

12/29/2020 11:50:34 AM
 | INFO |
 | Descrição: Backup 'C:\TesteBackupSBUILD\D\201229' já existe!

12/29/2020 11:50:44 AM
 | INFO |
 | Descrição: Backup 'C:\TesteBackupSBUILD\D\201229' já existe!

12/29/2020 11:50:57 AM
 | INFO |
 | Descrição: Backup 'C:\TesteBackupSBUILD\D\201229' já existe!

12/29/2020 11:52:01 AM
 | INFO |
 | Descrição: Starting Timer v1.1.0: 12/29/2020 11:52:01 AM

12/29/2020 11:52:11 AM
 | INFO |
 | Descrição: Backup 'C:\TesteBackupSBUILD\D\201229' já existe!

12/29/2020 11:52:21 AM
 | INFO |
 | Descrição: Backup 'C:\TesteBackupSBUILD\D\201229' já existe!

12/29/2020 11:52:33 AM
 | INFO |
 | Descrição: Backup 'C:\TesteBackupSBUILD\D\201229' já existe!

12/29/2020 11:53:27 AM
 | INFO |
 | Descrição: Starting Timer v1.1.0: 12/29/2020 11:53:27 AM

12/29/2020 11:53:37 AM
 | INFO |
 | Descrição: Backup 'C:\TesteBackupSBUILD\D\201229' já existe!

12/29/2020 11:53:48 AM
 | INFO |
 | Descrição: Backup 'C:\TesteBackupSBUILD\D\201229' já existe!

12/29/2020 11:54:17 AM
 | INFO |
 | Descrição: Backup 'C:\TesteBackupSBUILD\D\201229' já existe!

12/29/2020 11:54:26 AM
 | INFO |
 | Descrição: Starting Timer v1.1.0: 12/29/2020 11:54:26 AM

12/29/2020 11:54:37 AM
 | INFO |
 | Descrição: Backup 'C:\TesteBackupSBUILD\D\201229' já existe!

12/29/2020 11:54:47 AM
 | INFO |
 | Descrição: Backup 'C:\TesteBackupSBUILD\D\201229' já existe!

12/29/2020 11:54:58 AM
 | INFO |
 | Descrição: Backup 'C:\TesteBackupSBUILD\D\201229' já existe!

12/29/2020 11:57:08 AM
 | INFO |
 | Descrição: Starting Timer v1.1.0: 12/29/2020 11:57:08 AM

12/29/2020 11:57:18 AM
 | INFO |
 | Descrição: Backup 'C:\TesteBackupSBUILD\D\201229' já existe!

12/29/2020 11:57:29 AM
 | INFO |
 | Descrição: Backup 'C:\TesteBackupSBUILD\D\201229' já existe!

12/29/2020 11:57:43 AM
 | INFO |
 | Descrição: Backup 'C:\TesteBackupSBUILD\D\201229' já existe!

12/29/2020 11:57:48 AM
 | INFO |
 | Descrição: Backup 'C:\TesteBackupSBUILD\D\201229' já existe!

12/29/2020 11:57:58 AM
 | INFO |
 | Descrição: Backup 'C:\TesteBackupSBUILD\D\201229' já existe!

12/29/2020 11:58:08 AM
 | INFO |
 | Descrição: Backup 'C:\TesteBackupSBUILD\D\201229' já existe!

12/29/2020 11:58:18 AM
 | INFO |
 | Descrição: Backup 'C:\TesteBackupSBUILD\D\201229' já existe!

12/29/2020 11:58:34 AM
 | INFO |
 | Descrição: Iniciando Backup: 20201229

12/29/2020 11:58:34 AM
 | INFO |
 | Descrição: Iniciando Cópia do Drive.

12/29/2020 11:58:35 AM
 | INFO |
 | Descrição: Iniciando Organização das pastas de Backup.

12/29/2020 11:58:38 AM
 | INFO |
 | Descrição: Backup 'C:\TesteBackupSBUILD\D\201229' já existe!

12/29/2020 11:58:48 AM
 | INFO |
 | Descrição: Backup 'C:\TesteBackupSBUILD\D\201229' já existe!

12/29/2020 11:58:58 AM
 | INFO |
 | Descrição: Backup 'C:\TesteBackupSBUILD\D\201229' já existe!

12/29/2020 11:59:08 AM
 | INFO |
 | Descrição: Backup 'C:\TesteBackupSBUILD\D\201229' já existe!

12/29/2020 11:59:18 AM
 | INFO |
 | Descrição: Backup 'C:\TesteBackupSBUILD\D\201229' já existe!

12/29/2020 11:59:28 AM
 | INFO |
 | Descrição: Backup 'C:\TesteBackupSBUILD\D\201229' já existe!

12/29/2020 11:59:38 AM
 | INFO |
 | Descrição: Backup 'C:\TesteBackupSBUILD\D\201229' já existe!

12/29/2020 11:59:51 AM
 | INFO |
 | Descrição: Backup 'C:\TesteBackupSBUILD\D\201229' já existe!

12/29/2020 12:00:01 PM
 | INFO |
 | Descrição: Backup 'C:\TesteBackupSBUILD\D\201229' já existe!

12/29/2020 12:00:11 PM
 | INFO |
 | Descrição: Backup 'C:\TesteBackupSBUILD\D\201229' já existe!

12/29/2020 12:00:21 PM
 | INFO |
 | Descrição: Backup 'C:\TesteBackupSBUILD\D\201229' já existe!

12/29/2020 12:00:31 PM
 | INFO |
 | Descrição: Backup 'C:\TesteBackupSBUILD\D\201229' já existe!

12/29/2020 12:06:28 PM
 | INFO |
 | Descrição: Starting Timer v1.1.0: 12/29/2020 12:06:28 PM

12/29/2020 12:06:41 PM
 | INFO |
 | Descrição: Iniciando Backup: 20201229

12/29/2020 12:06:41 PM
 | INFO |
 | Descrição: Iniciando Cópia do Drive.

12/29/2020 12:06:48 PM
 | INFO |
 | Descrição: Backup 'C:\TesteBackupSBUILD\D\201229' já existe!

12/29/2020 12:06:58 PM
 | INFO |
 | Descrição: Backup 'C:\TesteBackupSBUILD\D\201229' já existe!

12/29/2020 12:07:02 PM
 | ERROR |
 | Descrição: Falha ao Copiar o arquivo: C:\TesteBackupSBUILD\D\201229\Backup Automático Server\02-Backups\2.7 - T.I\ProjetosC#\BackupNuvemSBuild\Deploy\BackupNuvemSBuild\BackupNuvemSBuild\Program.cs
 | Classe: Service1
 | Método: Void CopyAll(System.IO.DirectoryInfo, System.IO.DirectoryInfo)
 | Exception: Could not find a part of the path 'C:\TesteBackupSBUILD\D\201229\Backup Automático Server\02-Backups\2.7 - T.I\ProjetosC#\BackupNuvemSBuild\Deploy\BackupNuvemSBuild\BackupNuvemSBuild\Program.cs'.

12/29/2020 12:07:02 PM
 | ERROR |
 | Descrição: Falha ao Copiar o arquivo: C:\TesteBackupSBUILD\D\201229\Backup Automático Server\02-Backups\2.7 - T.I\ProjetosC#\BackupNuvemSBuild\Deploy\BackupNuvemSBuild\BackupNuvemSBuild\Log.cs
 | Classe: Service1
 | Método: Void CopyAll(System.IO.DirectoryInfo, System.IO.DirectoryInfo)
 | Exception: Could not find a part of the path 'C:\TesteBackupSBUILD\D\201229\Backup Automático Server\02-Backups\2.7 - T.I\ProjetosC#\BackupNuvemSBuild\Deploy\BackupNuvemSBuild\BackupNuvemSBuild\Log.cs'.

12/29/2020 12:07:02 PM
 | ERROR |
 | Descrição: Falha ao Copiar o arquivo: C:\TesteBackupSBUILD\D\201229\Backup Automático Server\02-Backups\2.7 - T.I\ProjetosC#\BackupNuvemSBuild\Deploy\BackupNuvemSBuild\BackupNuvemSBuild\iconfinder_Blue_Backup_B_66548.ico
 | Classe: Service1
 | Método: Void CopyAll(System.IO.DirectoryInfo, System.IO.DirectoryInfo)
 | Exception: Could not find a part of the path 'C:\TesteBackupSBUILD\D\201229\Backup Automático Server\02-Backups\2.7 - T.I\ProjetosC#\BackupNuvemSBuild\Deploy\BackupNuvemSBuild\BackupNuvemSBuild\iconfinder_Blue_Backup_B_66548.ico'.

12/29/2020 12:07:02 PM
 | ERROR |
 | Descrição: Falha ao Copiar o arquivo: C:\TesteBackupSBUILD\D\201229\Backup Automático Server\02-Backups\2.7 - T.I\ProjetosC#\BackupNuvemSBuild\Deploy\BackupNuvemSBuild\BackupNuvemSBuild\Form1.resx
 | Classe: Service1
 | Método: Void CopyAll(System.IO.DirectoryInfo, System.IO.DirectoryInfo)
 | Exception: Could not find a part of the path 'C:\TesteBackupSBUILD\D\201229\Backup Automático Server\02-Backups\2.7 - T.I\ProjetosC#\BackupNuvemSBuild\Deploy\BackupNuvemSBuild\BackupNuvemSBuild\Form1.resx'.

12/29/2020 12:07:03 PM
 | ERROR |
 | Descrição: Falha ao Copiar o arquivo: C:\TesteBackupSBUILD\D\201229\Backup Automático Server\02-Backups\2.7 - T.I\ProjetosC#\BackupNuvemSBuild\Deploy\BackupNuvemSBuild\BackupNuvemSBuild\Form1.Designer.cs
 | Classe: Service1
 | Método: Void CopyAll(System.IO.DirectoryInfo, System.IO.DirectoryInfo)
 | Exception: Could not find a part of the path 'C:\TesteBackupSBUILD\D\201229\Backup Automático Server\02-Backups\2.7 - T.I\ProjetosC#\BackupNuvemSBuild\Deploy\BackupNuvemSBuild\BackupNuvemSBuild\Form1.Designer.cs'.

12/29/2020 12:07:03 PM
 | ERROR |
 | Descrição: Falha ao Copiar o arquivo: C:\TesteBackupSBUILD\D\201229\Backup Automático Server\02-Backups\2.7 - T.I\ProjetosC#\BackupNuvemSBuild\Deploy\BackupNuvemSBuild\BackupNuvemSBuild\Configuration.cs
 | Classe: Service1
 | Método: Void CopyAll(System.IO.DirectoryInfo, System.IO.DirectoryInfo)
 | Exception: Could not find a part of the path 'C:\TesteBackupSBUILD\D\201229\Backup Automático Server\02-Backups\2.7 - T.I\ProjetosC#\BackupNuvemSBuild\Deploy\BackupNuvemSBuild\BackupNuvemSBuild\Configuration.cs'.

12/29/2020 12:07:03 PM
 | ERROR |
 | Descrição: Falha ao Copiar o arquivo: C:\TesteBackupSBUILD\D\201229\Backup Automático Server\02-Backups\2.7 - T.I\ProjetosC#\BackupNuvemSBuild\Deploy\BackupNuvemSBuild\BackupNuvemSBuild\Email.cs
 | Classe: Service1
 | Método: Void CopyAll(System.IO.DirectoryInfo, System.IO.DirectoryInfo)
 | Exception: Could not find a part of the path 'C:\TesteBackupSBUILD\D\201229\Backup Automático Server\02-Backups\2.7 - T.I\ProjetosC#\BackupNuvemSBuild\Deploy\BackupNuvemSBuild\BackupNuvemSBuild\Email.cs'.

12/29/2020 12:07:03 PM
 | ERROR |
 | Descrição: Falha ao Copiar o arquivo: C:\TesteBackupSBUILD\D\201229\Backup Automático Server\02-Backups\2.7 - T.I\ProjetosC#\BackupNuvemSBuild\Deploy\BackupNuvemSBuild\BackupNuvemSBuild\BackupNuvemSBuild_Configuration.csproj.user
 | Classe: Service1
 | Método: Void CopyAll(System.IO.DirectoryInfo, System.IO.DirectoryInfo)
 | Exception: Could not find a part of the path 'C:\TesteBackupSBUILD\D\201229\Backup Automático Server\02-Backups\2.7 - T.I\ProjetosC#\BackupNuvemSBuild\Deploy\BackupNuvemSBuild\BackupNuvemSBuild\BackupNuvemSBuild_Configuration.csproj.user'.

12/29/2020 12:07:03 PM
 | ERROR |
 | Descrição: Falha ao Copiar o arquivo: C:\TesteBackupSBUILD\D\201229\Backup Automático Server\02-Backups\2.7 - T.I\ProjetosC#\BackupNuvemSBuild\Deploy\BackupNuvemSBuild\BackupNuvemSBuild\BackupNuvemSBuild_Configuration.csproj
 | Classe: Service1
 | Método: Void CopyAll(System.IO.DirectoryInfo, System.IO.DirectoryInfo)
 | Exception: Could not find a part of the path 'C:\TesteBackupSBUILD\D\201229\Backup Automático Server\02-Backups\2.7 - T.I\ProjetosC#\BackupNuvemSBuild\Deploy\BackupNuvemSBuild\BackupNuvemSBuild\BackupNuvemSBuild_Configuration.csproj'.

12/29/2020 12:07:03 PM
 | ERROR |
 | Descrição: Falha ao Copiar o arquivo: C:\TesteBackupSBUILD\D\201229\Backup Automático Server\02-Backups\2.7 - T.I\ProjetosC#\BackupNuvemSBuild\Deploy\BackupNuvemSBuild\BackupNuvemSBuild\Form1.cs
 | Classe: Service1
 | Método: Void CopyAll(System.IO.DirectoryInfo, System.IO.DirectoryInfo)
 | Exception: Could not find a part of the path 'C:\TesteBackupSBUILD\D\201229\Backup Automático Server\02-Backups\2.7 - T.I\ProjetosC#\BackupNuvemSBuild\Deploy\BackupNuvemSBuild\BackupNuvemSBuild\Form1.cs'.

12/29/2020 12:07:03 PM
 | ERROR |
 | Descrição: Falha ao Copiar o arquivo: C:\TesteBackupSBUILD\D\201229\Backup Automático Server\02-Backups\2.7 - T.I\ProjetosC#\BackupNuvemSBuild\Deploy\BackupNuvemSBuild\BackupNuvemSBuild\desktop.ini
 | Classe: Service1
 | Método: Void CopyAll(System.IO.DirectoryInfo, System.IO.DirectoryInfo)
 | Exception: Could not find a part of the path 'C:\TesteBackupSBUILD\D\201229\Backup Automático Server\02-Backups\2.7 - T.I\ProjetosC#\BackupNuvemSBuild\Deploy\BackupNuvemSBuild\BackupNuvemSBuild\desktop.ini'.

12/29/2020 12:07:08 PM
 | INFO |
 | Descrição: Backup 'C:\TesteBackupSBUILD\D\201229' já existe!

12/29/2020 12:07:18 PM
 | INFO |
 | Descrição: Backup 'C:\TesteBackupSBUILD\D\201229' já existe!

12/29/2020 12:07:22 PM
 | INFO |
 | Descrição: Copiado do Buffer o Arquivo: Z:\My Drive\Backup Automático Server\02-Backups\2.7 - T.I\ProjetosC#\BackupNuvemSBuild\Deploy\BackupNuvemSBuild\BackupNuvemSBuild\desktop.ini

12/29/2020 12:07:22 PM
 | INFO |
 | Descrição: Copiado do Buffer o Arquivo: Z:\My Drive\Backup Automático Server\02-Backups\2.7 - T.I\ProjetosC#\BackupNuvemSBuild\Deploy\BackupNuvemSBuild\BackupNuvemSBuild\Form1.cs

12/29/2020 12:07:22 PM
 | INFO |
 | Descrição: Copiado do Buffer o Arquivo: Z:\My Drive\Backup Automático Server\02-Backups\2.7 - T.I\ProjetosC#\BackupNuvemSBuild\Deploy\BackupNuvemSBuild\BackupNuvemSBuild\BackupNuvemSBuild_Configuration.csproj

12/29/2020 12:07:22 PM
 | INFO |
 | Descrição: Copiado do Buffer o Arquivo: Z:\My Drive\Backup Automático Server\02-Backups\2.7 - T.I\ProjetosC#\BackupNuvemSBuild\Deploy\BackupNuvemSBuild\BackupNuvemSBuild\BackupNuvemSBuild_Configuration.csproj.user

12/29/2020 12:07:22 PM
 | INFO |
 | Descrição: Copiado do Buffer o Arquivo: Z:\My Drive\Backup Automático Server\02-Backups\2.7 - T.I\ProjetosC#\BackupNuvemSBuild\Deploy\BackupNuvemSBuild\BackupNuvemSBuild\Email.cs

12/29/2020 12:07:22 PM
 | INFO |
 | Descrição: Copiado do Buffer o Arquivo: Z:\My Drive\Backup Automático Server\02-Backups\2.7 - T.I\ProjetosC#\BackupNuvemSBuild\Deploy\BackupNuvemSBuild\BackupNuvemSBuild\Configuration.cs

12/29/2020 12:07:22 PM
 | INFO |
 | Descrição: Copiado do Buffer o Arquivo: Z:\My Drive\Backup Automático Server\02-Backups\2.7 - T.I\ProjetosC#\BackupNuvemSBuild\Deploy\BackupNuvemSBuild\BackupNuvemSBuild\Form1.Designer.cs

12/29/2020 12:07:22 PM
 | INFO |
 | Descrição: Copiado do Buffer o Arquivo: Z:\My Drive\Backup Automático Server\02-Backups\2.7 - T.I\ProjetosC#\BackupNuvemSBuild\Deploy\BackupNuvemSBuild\BackupNuvemSBuild\Form1.resx

12/29/2020 12:07:22 PM
 | INFO |
 | Descrição: Copiado do Buffer o Arquivo: Z:\My Drive\Backup Automático Server\02-Backups\2.7 - T.I\ProjetosC#\BackupNuvemSBuild\Deploy\BackupNuvemSBuild\BackupNuvemSBuild\iconfinder_Blue_Backup_B_66548.ico

12/29/2020 12:07:22 PM
 | INFO |
 | Descrição: Copiado do Buffer o Arquivo: Z:\My Drive\Backup Automático Server\02-Backups\2.7 - T.I\ProjetosC#\BackupNuvemSBuild\Deploy\BackupNuvemSBuild\BackupNuvemSBuild\Log.cs

12/29/2020 12:07:22 PM
 | INFO |
 | Descrição: Copiado do Buffer o Arquivo: Z:\My Drive\Backup Automático Server\02-Backups\2.7 - T.I\ProjetosC#\BackupNuvemSBuild\Deploy\BackupNuvemSBuild\BackupNuvemSBuild\Program.cs

12/29/2020 12:07:23 PM
 | INFO |
 | Descrição: Iniciando Organização das pastas de Backup.

12/29/2020 12:07:28 PM
 | INFO |
 | Descrição: Backup 'C:\TesteBackupSBUILD\D\201229' já existe!

12/29/2020 12:07:38 PM
 | INFO |
 | Descrição: Backup 'C:\TesteBackupSBUILD\D\201229' já existe!

12/29/2020 12:07:48 PM
 | INFO |
 | Descrição: Backup 'C:\TesteBackupSBUILD\D\201229' já existe!

12/29/2020 12:07:58 PM
 | INFO |
 | Descrição: Backup 'C:\TesteBackupSBUILD\D\201229' já existe!

12/29/2020 12:08:09 PM
 | INFO |
 | Descrição: Backup 'C:\TesteBackupSBUILD\D\201229' já existe!

12/29/2020 12:08:18 PM
 | INFO |
 | Descrição: Backup 'C:\TesteBackupSBUILD\D\201229' já existe!

12/29/2020 12:08:29 PM
 | INFO |
 | Descrição: Backup 'C:\TesteBackupSBUILD\D\201229' já existe!

12/29/2020 12:08:39 PM
 | INFO |
 | Descrição: Backup 'C:\TesteBackupSBUILD\D\201229' já existe!

12/29/2020 12:08:49 PM
 | INFO |
 | Descrição: Backup 'C:\TesteBackupSBUILD\D\201229' já existe!

12/29/2020 12:12:02 PM
 | INFO |
 | Descrição: Starting Timer v1.1.0: 12/29/2020 12:12:02 PM

12/29/2020 12:12:15 PM
 | INFO |
 | Descrição: Iniciando Backup: 20201229

12/29/2020 12:12:15 PM
 | INFO |
 | Descrição: Iniciando Cópia do Drive.

12/29/2020 12:12:22 PM
 | INFO |
 | Descrição: Backup 'C:\TesteBackupSBUILD\D\201229' já existe!

12/29/2020 12:12:32 PM
 | INFO |
 | Descrição: Backup 'C:\TesteBackupSBUILD\D\201229' já existe!

12/29/2020 12:12:42 PM
 | INFO |
 | Descrição: Backup 'C:\TesteBackupSBUILD\D\201229' já existe!

12/29/2020 12:12:52 PM
 | INFO |
 | Descrição: Backup 'C:\TesteBackupSBUILD\D\201229' já existe!

12/29/2020 12:12:55 PM
 | INFO |
 | Descrição: Iniciando Organização das pastas de Backup.

12/29/2020 12:13:03 PM
 | INFO |
 | Descrição: Backup 'C:\TesteBackupSBUILD\D\201229' já existe!

12/29/2020 12:13:13 PM
 | INFO |
 | Descrição: Backup 'C:\TesteBackupSBUILD\D\201229' já existe!

12/29/2020 12:13:23 PM
 | INFO |
 | Descrição: Backup 'C:\TesteBackupSBUILD\D\201229' já existe!

12/29/2020 12:13:33 PM
 | INFO |
 | Descrição: Backup 'C:\TesteBackupSBUILD\D\201229' já existe!

12/29/2020 12:13:43 PM
 | INFO |
 | Descrição: Backup 'C:\TesteBackupSBUILD\D\201229' já existe!

12/29/2020 12:13:53 PM
 | INFO |
 | Descrição: Backup 'C:\TesteBackupSBUILD\D\201229' já existe!

12/29/2020 12:14:05 PM
 | ATENÇÃO |
 | Descrição: Backup 'C:\TesteBackupSBUILD\D\201229' já existe!
 | Classe: AssyncBackup
 | Método: Void AssyncBackup(Boolean, System.DateTime)
 | Exception: 

12/29/2020 12:14:05 PM
 | INFO |
 | Descrição: Backup 'C:\TesteBackupSBUILD\D\201229' já existe!

12/29/2020 12:14:24 PM
 | INFO |
 | Descrição: Backup 'C:\TesteBackupSBUILD\D\201229' já existe!

12/29/2020 12:14:41 PM
 | ATENÇÃO |
 | Descrição: Backup 'C:\TesteBackupSBUILD\D\201229' já existe!
 | Classe: AssyncBackup
 | Método: Void AssyncBackup(Boolean, System.DateTime)
 | Exception: 

12/29/2020 12:14:41 PM
 | INFO |
 | Descrição: Backup 'C:\TesteBackupSBUILD\D\201229' já existe!

12/29/2020 12:14:43 PM
 | ATENÇÃO |
 | Descrição: Backup 'C:\TesteBackupSBUILD\D\201229' já existe!
 | Classe: AssyncBackup
 | Método: Void AssyncBackup(Boolean, System.DateTime)
 | Exception: 

12/29/2020 12:14:43 PM
 | INFO |
 | Descrição: Backup 'C:\TesteBackupSBUILD\D\201229' já existe!

12/29/2020 12:14:51 PM
 | ATENÇÃO |
 | Descrição: Backup 'C:\TesteBackupSBUILD\D\201229' já existe!
 | Classe: AssyncBackup
 | Método: Void AssyncBackup(Boolean, System.DateTime)
 | Exception: 

12/29/2020 12:14:51 PM
 | INFO |
 | Descrição: Backup 'C:\TesteBackupSBUILD\D\201229' já existe!

12/29/2020 12:15:01 PM
 | ATENÇÃO |
 | Descrição: Backup 'C:\TesteBackupSBUILD\D\201229' já existe!
 | Classe: AssyncBackup
 | Método: Void AssyncBackup(Boolean, System.DateTime)
 | Exception: 

12/29/2020 12:15:01 PM
 | INFO |
 | Descrição: Backup 'C:\TesteBackupSBUILD\D\201229' já existe!

12/29/2020 12:15:08 PM
 | INFO |
 | Descrição: Backup 'C:\TesteBackupSBUILD\D\201229' já existe!

12/29/2020 12:15:18 PM
 | INFO |
 | Descrição: Backup 'C:\TesteBackupSBUILD\D\201229' já existe!

12/29/2020 12:15:28 PM
 | INFO |
 | Descrição: Backup 'C:\TesteBackupSBUILD\D\201229' já existe!

12/29/2020 12:15:38 PM
 | INFO |
 | Descrição: Backup 'C:\TesteBackupSBUILD\D\201229' já existe!

12/29/2020 12:15:48 PM
 | INFO |
 | Descrição: Backup 'C:\TesteBackupSBUILD\D\201229' já existe!

12/29/2020 12:15:58 PM
 | INFO |
 | Descrição: Backup 'C:\TesteBackupSBUILD\D\201229' já existe!

12/29/2020 12:16:08 PM
 | INFO |
 | Descrição: Backup 'C:\TesteBackupSBUILD\D\201229' já existe!

12/29/2020 12:16:18 PM
 | INFO |
 | Descrição: Backup 'C:\TesteBackupSBUILD\D\201229' já existe!

12/29/2020 12:16:28 PM
 | INFO |
 | Descrição: Backup 'C:\TesteBackupSBUILD\D\201229' já existe!

12/29/2020 12:16:38 PM
 | INFO |
 | Descrição: Backup 'C:\TesteBackupSBUILD\D\201229' já existe!

12/29/2020 12:16:48 PM
 | INFO |
 | Descrição: Backup 'C:\TesteBackupSBUILD\D\201229' já existe!

12/29/2020 12:16:58 PM
 | INFO |
 | Descrição: Backup 'C:\TesteBackupSBUILD\D\201229' já existe!

12/29/2020 12:17:08 PM
 | INFO |
 | Descrição: Backup 'C:\TesteBackupSBUILD\D\201229' já existe!

12/29/2020 12:17:18 PM
 | INFO |
 | Descrição: Backup 'C:\TesteBackupSBUILD\D\201229' já existe!

12/29/2020 12:17:28 PM
 | INFO |
 | Descrição: Backup 'C:\TesteBackupSBUILD\D\201229' já existe!

12/29/2020 12:17:38 PM
 | INFO |
 | Descrição: Backup 'C:\TesteBackupSBUILD\D\201229' já existe!

12/29/2020 12:17:48 PM
 | INFO |
 | Descrição: Backup 'C:\TesteBackupSBUILD\D\201229' já existe!

12/29/2020 12:17:58 PM
 | INFO |
 | Descrição: Backup 'C:\TesteBackupSBUILD\D\201229' já existe!

12/29/2020 12:18:08 PM
 | INFO |
 | Descrição: Backup 'C:\TesteBackupSBUILD\D\201229' já existe!

12/29/2020 12:18:18 PM
 | INFO |
 | Descrição: Backup 'C:\TesteBackupSBUILD\D\201229' já existe!

12/29/2020 12:18:28 PM
 | INFO |
 | Descrição: Backup 'C:\TesteBackupSBUILD\D\201229' já existe!

12/29/2020 12:18:38 PM
 | INFO |
 | Descrição: Backup 'C:\TesteBackupSBUILD\D\201229' já existe!

12/29/2020 12:18:48 PM
 | INFO |
 | Descrição: Backup 'C:\TesteBackupSBUILD\D\201229' já existe!

12/29/2020 12:22:15 PM
 | INFO |
 | Descrição: Starting Timer v1.1.0: 12/29/2020 12:22:15 PM

12/29/2020 12:22:35 PM
 | INFO |
 | Descrição: Starting Timer v1.1.0: 12/29/2020 12:22:35 PM

12/29/2020 12:22:48 PM
 | INFO |
 | Descrição: Iniciando Backup: 20201229

12/29/2020 12:22:48 PM
 | INFO |
 | Descrição: Iniciando Cópia do Drive.

12/29/2020 12:22:55 PM
 | INFO |
 | Descrição: Backup 'C:\TesteBackupSBUILD\D\201229' já existe!

12/29/2020 12:23:07 PM
 | INFO |
 | Descrição: Backup 'C:\TesteBackupSBUILD\D\201229' já existe!

12/29/2020 12:23:17 PM
 | INFO |
 | Descrição: Backup 'C:\TesteBackupSBUILD\D\201229' já existe!

12/29/2020 12:33:30 PM
 | INFO |
 | Descrição: Starting Timer v1.1.0: 12/29/2020 12:33:30 PM

12/29/2020 12:33:52 PM
 | INFO |
 | Descrição: Starting Timer v1.1.0: 12/29/2020 12:33:52 PM

12/29/2020 12:35:06 PM
 | INFO |
 | Descrição: Iniciando Backup: 20201229

12/29/2020 12:35:06 PM
 | INFO |
 | Descrição: Iniciando Cópia do Drive.

12/29/2020 12:35:27 PM
 | ATENÇÃO |
 | Descrição: Backup 'C:\TesteBackupSBUILD\D\201229' já existe!
 | Classe: AssyncBackup
 | Método: Void AssyncBackup(Boolean, System.DateTime)
 | Exception: 

12/29/2020 2:09:23 PM
 | INFO |
 | Descrição: Starting Timer v1.1.0: 12/29/2020 2:09:23 PM

12/29/2020 2:10:07 PM
 | INFO |
 | Descrição: Iniciando Backup: 20201229

12/29/2020 2:10:07 PM
 | INFO |
 | Descrição: Iniciando Cópia do Drive.

12/29/2020 2:10:28 PM
 | ATENÇÃO |
 | Descrição: Backup 'C:\TesteBackupSBUILD\D\201229' já existe!
 | Classe: AssyncBackup
 | Método: Void AssyncBackup(Boolean, System.DateTime)
 | Exception: 

12/29/2020 2:10:36 PM
 | ATENÇÃO |
 | Descrição: Backup 'C:\TesteBackupSBUILD\D\201229' já existe!
 | Classe: AssyncBackup
 | Método: Void AssyncBackup(Boolean, System.DateTime)
 | Exception: 

12/29/2020 2:10:46 PM
 | ATENÇÃO |
 | Descrição: Backup 'C:\TesteBackupSBUILD\D\201229' já existe!
 | Classe: AssyncBackup
 | Método: Void AssyncBackup(Boolean, System.DateTime)
 | Exception: 

12/29/2020 2:10:47 PM
 | INFO |
 | Descrição: Iniciando Organização das pastas de Backup.

12/29/2020 2:10:56 PM
 | ATENÇÃO |
 | Descrição: Backup 'C:\TesteBackupSBUILD\D\201229' já existe!
 | Classe: AssyncBackup
 | Método: Void AssyncBackup(Boolean, System.DateTime)
 | Exception: 

12/29/2020 2:11:36 PM
 | INFO |
 | Descrição: Starting Timer v1.1.0: 12/29/2020 2:11:36 PM

12/29/2020 2:11:56 PM
 | INFO |
 | Descrição: Starting Timer v1.1.0: 12/29/2020 2:11:56 PM

12/29/2020 2:13:09 PM
 | INFO |
 | Descrição: Iniciando Backup: 20201229

12/29/2020 2:13:09 PM
 | INFO |
 | Descrição: Iniciando Cópia do Drive.

12/29/2020 2:13:29 PM
 | ATENÇÃO |
 | Descrição: Backup 'C:\TesteBackupSBUILD\D\201229' já existe!
 | Classe: AssyncBackup
 | Método: Void AssyncBackup(Boolean, System.DateTime)
 | Exception: 

12/29/2020 2:15:21 PM
 | INFO |
 | Descrição: Starting Timer v1.1.0: 12/29/2020 2:15:21 PM

12/29/2020 2:20:13 PM
 | INFO |
 | Descrição: Iniciando Backup: 20201229

12/29/2020 2:20:16 PM
 | INFO |
 | Descrição: Iniciando Cópia do Drive.

12/29/2020 2:23:26 PM
 | INFO |
 | Descrição: Iniciando Backup: 20201229

12/29/2020 2:23:27 PM
 | INFO |
 | Descrição: Iniciando Cópia do Drive.

12/29/2020 2:24:14 PM
 | INFO |
 | Descrição: Backup 'C:\TesteBackupSBUILD\D\201229' já existe!

12/29/2020 2:26:30 PM
 | INFO |
 | Descrição: Backup 'C:\TesteBackupSBUILD\D\201229' já existe!

12/29/2020 2:26:49 PM
 | INFO |
 | Descrição: Iniciando Backup: 20201229

12/29/2020 2:26:49 PM
 | INFO |
 | Descrição: Iniciando Cópia do Drive.

12/29/2020 2:27:21 PM
 | INFO |
 | Descrição: Iniciando Organização das pastas de Backup.

12/29/2020 2:28:52 PM
 | INFO |
 | Descrição: Backup 'C:\TesteBackupSBUILD\D\201229' já existe!

12/29/2020 2:32:57 PM
 | INFO |
 | Descrição: Iniciando Backup: 20201229

12/29/2020 2:32:57 PM
 | INFO |
 | Descrição: Iniciando Cópia do Drive.

12/29/2020 2:33:50 PM
 | INFO |
 | Descrição: Iniciando Organização das pastas de Backup.

12/29/2020 2:34:43 PM
 | INFO |
 | Descrição: Starting Timer v1.1.0: 12/29/2020 2:34:43 PM

12/29/2020 2:35:06 PM
 | INFO |
 | Descrição: Iniciando Backup: 20201229

12/29/2020 2:35:06 PM
 | INFO |
 | Descrição: Iniciando Cópia do Drive.

12/29/2020 2:37:34 PM
 | INFO |
 | Descrição: Starting Timer v1.1.0: 12/29/2020 2:37:34 PM

12/29/2020 2:39:08 PM
 | INFO |
 | Descrição: Iniciando Backup: 20201229

12/29/2020 2:39:08 PM
 | INFO |
 | Descrição: Iniciando Cópia do Drive.

12/29/2020 2:39:43 PM
 | ATENÇÃO |
 | Descrição: Backup 'C:\TesteBackupSBUILD\D\201229' já existe!
 | Classe: AssyncBackup
 | Método: Void AssyncBackup(Boolean, System.DateTime)
 | Exception: 

12/29/2020 2:42:42 PM
 | INFO |
 | Descrição: Starting Timer v1.1.0: 12/29/2020 2:42:42 PM

12/29/2020 2:44:08 PM
 | INFO |
 | Descrição: Iniciando Backup: 20201229

12/29/2020 2:44:08 PM
 | INFO |
 | Descrição: Iniciando Cópia do Drive.

12/29/2020 2:44:25 PM
 | ATENÇÃO |
 | Descrição: Backup 'C:\TesteBackupSBUILD\D\201229' já existe!
 | Classe: AssyncBackup
 | Método: Void AssyncBackup(Boolean, System.DateTime)
 | Exception: 

12/29/2020 2:44:35 PM
 | ATENÇÃO |
 | Descrição: Backup 'C:\TesteBackupSBUILD\D\201229' já existe!
 | Classe: AssyncBackup
 | Método: Void AssyncBackup(Boolean, System.DateTime)
 | Exception: 

12/29/2020 2:44:45 PM
 | ATENÇÃO |
 | Descrição: Backup 'C:\TesteBackupSBUILD\D\201229' já existe!
 | Classe: AssyncBackup
 | Método: Void AssyncBackup(Boolean, System.DateTime)
 | Exception: 

12/29/2020 2:44:55 PM
 | ATENÇÃO |
 | Descrição: Backup 'C:\TesteBackupSBUILD\D\201229' já existe!
 | Classe: AssyncBackup
 | Método: Void AssyncBackup(Boolean, System.DateTime)
 | Exception: 

12/29/2020 2:45:25 PM
 | INFO |
 | Descrição: Iniciando Organização das pastas de Backup.

12/29/2020 3:05:46 PM
 | INFO |
 | Descrição: Starting Timer v1.1.0: 12/29/2020 3:05:46 PM

12/29/2020 3:07:09 PM
 | INFO |
 | Descrição: Iniciando Backup: 20201229

12/29/2020 3:07:09 PM
 | INFO |
 | Descrição: Iniciando Cópia do Drive.

12/29/2020 3:07:29 PM
 | ATENÇÃO |
 | Descrição: Backup 'C:\TesteBackupSBUILD\D\201229' já existe!
 | Classe: AssyncBackup
 | Método: Void AssyncBackup(Boolean, System.DateTime)
 | Exception: 

12/29/2020 3:07:38 PM
 | INFO |
 | Descrição: Iniciando Organização das pastas de Backup.

12/29/2020 3:07:39 PM
 | ATENÇÃO |
 | Descrição: Backup 'C:\TesteBackupSBUILD\D\201229' já existe!
 | Classe: AssyncBackup
 | Método: Void AssyncBackup(Boolean, System.DateTime)
 | Exception: 

12/29/2020 3:08:05 PM
 | ATENÇÃO |
 | Descrição: Backup 'C:\TesteBackupSBUILD\D\201229' já existe!
 | Classe: AssyncBackup
 | Método: Void AssyncBackup(Boolean, System.DateTime)
 | Exception: 

12/29/2020 3:10:24 PM
 | INFO |
 | Descrição: Starting Timer v1.1.0: 12/29/2020 3:10:24 PM

12/29/2020 3:12:17 PM
 | ATENÇÃO |
 | Descrição: Backup '201229' já existe!
 | Classe: AssyncBackup
 | Método: Void AssyncBackup(Boolean, System.DateTime)
 | Exception: 

12/29/2020 3:13:01 PM
 | INFO |
 | Descrição: Iniciando Backup: 20201229

12/29/2020 3:13:03 PM
 | INFO |
 | Descrição: Iniciando Cópia do Drive.

12/29/2020 3:33:25 PM
 | INFO |
 | Descrição: Iniciando Organização das pastas de Backup.

12/29/2020 3:37:40 PM
 | INFO |
 | Descrição: Iniciando Backup: 20201229

12/29/2020 3:37:41 PM
 | INFO |
 | Descrição: Iniciando Cópia do Drive.

12/29/2020 3:40:43 PM
 | ATENÇÃO |
 | Descrição: Backup '201229' já existe!
 | Classe: AssyncBackup
 | Método: Void AssyncBackup(Boolean, System.DateTime)
 | Exception: 

12/29/2020 3:46:36 PM
 | INFO |
 | Descrição: Iniciando Backup: 20201229

12/29/2020 3:46:36 PM
 | INFO |
 | Descrição: Iniciando Cópia do Drive.

12/29/2020 3:51:13 PM
 | INFO |
 | Descrição: Iniciando Backup: 20201229

12/29/2020 3:51:13 PM
 | INFO |
 | Descrição: Iniciando Cópia do Drive.

12/29/2020 3:51:44 PM
 | INFO |
 | Descrição: Iniciando Backup: 20201229

12/29/2020 3:51:44 PM
 | INFO |
 | Descrição: Iniciando Cópia do Drive.

12/29/2020 3:53:22 PM
 | INFO |
 | Descrição: Iniciando Backup: 20201229

12/29/2020 3:53:23 PM
 | INFO |
 | Descrição: Iniciando Cópia do Drive.

12/30/2020 10:39:39 AM
 | INFO |
 | Descrição: Starting Timer v1.1.0: 12/30/2020 10:39:39 AM

12/30/2020 10:43:21 AM
 | INFO |
 | Descrição: Starting Timer v1.1.0: 12/30/2020 10:43:21 AM

12/30/2020 10:43:36 AM
 | INFO |
 | Descrição: Iniciando Backup: 20201230

12/30/2020 10:43:36 AM
 | INFO |
 | Descrição: Iniciando Cópia do Drive.

12/30/2020 10:43:41 AM
 | INFO |
 | Descrição: Backup 'C:\TesteBackupSBUILD\D\201230' já existe!

12/30/2020 10:43:51 AM
 | INFO |
 | Descrição: Backup 'C:\TesteBackupSBUILD\D\201230' já existe!

12/30/2020 10:44:01 AM
 | INFO |
 | Descrição: Backup 'C:\TesteBackupSBUILD\D\201230' já existe!

12/30/2020 10:44:13 AM
 | INFO |
 | Descrição: Iniciando Organização das pastas de Backup.

12/30/2020 10:44:15 AM
 | ATENÇÃO |
 | Descrição: Backup 'C:\TesteBackupSBUILD\D\201230' já existe!
 | Classe: AssyncBackup
 | Método: Void AssyncBackup(Boolean, System.DateTime)
 | Exception: 

12/30/2020 10:44:15 AM
 | INFO |
 | Descrição: Backup 'C:\TesteBackupSBUILD\D\201230' já existe!

12/30/2020 10:44:25 AM
 | ATENÇÃO |
 | Descrição: Backup 'C:\TesteBackupSBUILD\D\201230' já existe!
 | Classe: AssyncBackup
 | Método: Void AssyncBackup(Boolean, System.DateTime)
 | Exception: 

12/30/2020 10:44:25 AM
 | INFO |
 | Descrição: Backup 'C:\TesteBackupSBUILD\D\201230' já existe!

12/30/2020 10:44:34 AM
 | ATENÇÃO |
 | Descrição: Backup 'C:\TesteBackupSBUILD\D\201230' já existe!
 | Classe: AssyncBackup
 | Método: Void AssyncBackup(Boolean, System.DateTime)
 | Exception: 

12/30/2020 10:44:34 AM
 | INFO |
 | Descrição: Backup 'C:\TesteBackupSBUILD\D\201230' já existe!

12/30/2020 10:44:45 AM
 | ATENÇÃO |
 | Descrição: Backup 'C:\TesteBackupSBUILD\D\201230' já existe!
 | Classe: AssyncBackup
 | Método: Void AssyncBackup(Boolean, System.DateTime)
 | Exception: 

12/30/2020 10:44:45 AM
 | INFO |
 | Descrição: Backup 'C:\TesteBackupSBUILD\D\201230' já existe!

12/30/2020 10:44:55 AM
 | ATENÇÃO |
 | Descrição: Backup 'C:\TesteBackupSBUILD\D\201230' já existe!
 | Classe: AssyncBackup
 | Método: Void AssyncBackup(Boolean, System.DateTime)
 | Exception: 

12/30/2020 10:44:55 AM
 | INFO |
 | Descrição: Backup 'C:\TesteBackupSBUILD\D\201230' já existe!

12/30/2020 10:45:01 AM
 | INFO |
 | Descrição: Backup 'C:\TesteBackupSBUILD\D\201230' já existe!

12/30/2020 10:45:11 AM
 | INFO |
 | Descrição: Backup 'C:\TesteBackupSBUILD\D\201230' já existe!

12/30/2020 10:45:21 AM
 | INFO |
 | Descrição: Backup 'C:\TesteBackupSBUILD\D\201230' já existe!

12/30/2020 11:17:03 AM
 | INFO |
 | Descrição: Starting Timer v1.1.0: 12/30/2020 11:17:03 AM

12/30/2020 11:22:45 AM
 | INFO |
 | Descrição: Starting Timer v1.1.0: 12/30/2020 11:22:45 AM

12/30/2020 11:22:56 AM
 | INFO |
 | Descrição: Backup 'C:\TesteBackupSBUILD\D\201230' já existe!

12/30/2020 11:23:12 AM
 | INFO |
 | Descrição: Iniciando Backup: 20201230

12/30/2020 11:23:12 AM
 | INFO |
 | Descrição: Iniciando Cópia do Drive.

12/30/2020 11:23:16 AM
 | INFO |
 | Descrição: Backup 'C:\TesteBackupSBUILD\D\201230' já existe!

12/30/2020 11:23:26 AM
 | INFO |
 | Descrição: Backup 'C:\TesteBackupSBUILD\D\201230' já existe!

12/30/2020 11:23:36 AM
 | INFO |
 | Descrição: Backup 'C:\TesteBackupSBUILD\D\201230' já existe!

12/30/2020 11:23:42 AM
 | INFO |
 | Descrição: Iniciando Organização das pastas de Backup.

12/30/2020 11:23:46 AM
 | INFO |
 | Descrição: Backup 'C:\TesteBackupSBUILD\D\201230' já existe!

12/30/2020 11:23:56 AM
 | INFO |
 | Descrição: Backup 'C:\TesteBackupSBUILD\D\201230' já existe!

12/30/2020 11:24:09 AM
 | ATENÇÃO |
 | Descrição: Backup 'C:\TesteBackupSBUILD\D\201230' já existe!
 | Classe: AssyncBackup
 | Método: Void AssyncBackup(Boolean, System.DateTime)
 | Exception: 

12/30/2020 11:24:09 AM
 | INFO |
 | Descrição: Backup 'C:\TesteBackupSBUILD\D\201230' já existe!

12/30/2020 11:24:19 AM
 | ATENÇÃO |
 | Descrição: Backup 'C:\TesteBackupSBUILD\D\201230' já existe!
 | Classe: AssyncBackup
 | Método: Void AssyncBackup(Boolean, System.DateTime)
 | Exception: 

12/30/2020 11:24:19 AM
 | INFO |
 | Descrição: Backup 'C:\TesteBackupSBUILD\D\201230' já existe!

12/30/2020 11:24:29 AM
 | ATENÇÃO |
 | Descrição: Backup 'C:\TesteBackupSBUILD\D\201230' já existe!
 | Classe: AssyncBackup
 | Método: Void AssyncBackup(Boolean, System.DateTime)
 | Exception: 

12/30/2020 11:24:29 AM
 | INFO |
 | Descrição: Backup 'C:\TesteBackupSBUILD\D\201230' já existe!

12/30/2020 11:24:39 AM
 | ATENÇÃO |
 | Descrição: Backup 'C:\TesteBackupSBUILD\D\201230' já existe!
 | Classe: AssyncBackup
 | Método: Void AssyncBackup(Boolean, System.DateTime)
 | Exception: 

12/30/2020 11:24:39 AM
 | INFO |
 | Descrição: Backup 'C:\TesteBackupSBUILD\D\201230' já existe!

12/30/2020 11:24:49 AM
 | ATENÇÃO |
 | Descrição: Backup 'C:\TesteBackupSBUILD\D\201230' já existe!
 | Classe: AssyncBackup
 | Método: Void AssyncBackup(Boolean, System.DateTime)
 | Exception: 

12/30/2020 11:24:49 AM
 | INFO |
 | Descrição: Backup 'C:\TesteBackupSBUILD\D\201230' já existe!

12/30/2020 11:24:59 AM
 | ATENÇÃO |
 | Descrição: Backup 'C:\TesteBackupSBUILD\D\201230' já existe!
 | Classe: AssyncBackup
 | Método: Void AssyncBackup(Boolean, System.DateTime)
 | Exception: 

12/30/2020 11:24:59 AM
 | INFO |
 | Descrição: Backup 'C:\TesteBackupSBUILD\D\201230' já existe!

12/30/2020 11:25:06 AM
 | INFO |
 | Descrição: Backup 'C:\TesteBackupSBUILD\D\201230' já existe!

12/30/2020 11:29:51 AM
 | INFO |
 | Descrição: Iniciando Backup: 20201230

12/30/2020 11:29:52 AM
 | INFO |
 | Descrição: Iniciando Cópia do Drive.

12/30/2020 11:33:20 AM
 | INFO |
 | Descrição: Iniciando Organização das pastas de Backup.

12/30/2020 11:35:53 AM
 | INFO |
 | Descrição: Iniciando Backup: 20201230

12/30/2020 11:35:53 AM
 | INFO |
 | Descrição: Iniciando Cópia do Drive.

12/30/2020 11:38:46 AM
 | INFO |
 | Descrição: Iniciando Organização das pastas de Backup.

12/30/2020 11:42:39 AM
 | INFO |
 | Descrição: Iniciando Backup: 20201230

12/30/2020 11:42:39 AM
 | INFO |
 | Descrição: Iniciando Cópia do Drive.

12/30/2020 11:45:34 AM
 | INFO |
 | Descrição: Iniciando Organização das pastas de Backup.

12/30/2020 11:46:16 AM
 | INFO |
 | Descrição: Iniciando Backup: 20201230

12/30/2020 11:46:16 AM
 | INFO |
 | Descrição: Iniciando Cópia do Drive.

12/30/2020 11:55:25 AM
 | INFO |
 | Descrição: Backup 'C:\TesteBackupSBUILD\D\201230' já existe!

12/30/2020 11:56:16 AM
 | INFO |
 | Descrição: Iniciando Backup: 20201230

12/30/2020 11:56:16 AM
 | INFO |
 | Descrição: Iniciando Cópia do Drive.

12/30/2020 12:02:16 PM
 | INFO |
 | Descrição: Starting Timer v1.1.0: 12/30/2020 12:02:16 PM

12/30/2020 12:02:29 PM
 | INFO |
 | Descrição: Iniciando Backup: 20201230

12/30/2020 12:02:29 PM
 | INFO |
 | Descrição: Iniciando Cópia do Drive.

12/30/2020 12:02:36 PM
 | INFO |
 | Descrição: Backup 'C:\TesteBackupSBUILD\D\201230' já existe!

12/30/2020 12:03:05 PM
 | INFO |
 | Descrição: Starting Timer v1.1.0: 12/30/2020 12:03:05 PM

12/30/2020 12:04:09 PM
 | INFO |
 | Descrição: Iniciando Backup: 20201230

12/30/2020 12:04:09 PM
 | INFO |
 | Descrição: Iniciando Cópia do Drive.

12/30/2020 12:04:29 PM
 | ATENÇÃO |
 | Descrição: Backup 'C:\TesteBackupSBUILD\D\201230' já existe!
 | Classe: AssyncBackup
 | Método: Void AssyncBackup(Boolean, System.DateTime)
 | Exception: 

12/30/2020 12:04:39 PM
 | INFO |
 | Descrição: Iniciando Organização das pastas de Backup.

12/30/2020 12:04:39 PM
 | ATENÇÃO |
 | Descrição: Backup 'C:\TesteBackupSBUILD\D\201230' já existe!
 | Classe: AssyncBackup
 | Método: Void AssyncBackup(Boolean, System.DateTime)
 | Exception: 

12/30/2020 12:04:49 PM
 | ATENÇÃO |
 | Descrição: Backup 'C:\TesteBackupSBUILD\D\201230' já existe!
 | Classe: AssyncBackup
 | Método: Void AssyncBackup(Boolean, System.DateTime)
 | Exception: 

12/30/2020 12:04:59 PM
 | ATENÇÃO |
 | Descrição: Backup 'C:\TesteBackupSBUILD\D\201230' já existe!
 | Classe: AssyncBackup
 | Método: Void AssyncBackup(Boolean, System.DateTime)
 | Exception: 

12/30/2020 3:33:02 PM
 | INFO |
 | Descrição: Starting Timer v1.1.0: 12/30/2020 3:33:02 PM

12/30/2020 3:33:43 PM
 | INFO |
 | Descrição: Iniciando Backup: 20201230

12/30/2020 3:33:43 PM
 | INFO |
 | Descrição: Iniciando Cópia do Drive.

12/30/2020 3:34:46 PM
 | INFO |
 | Descrição: Iniciando Organização das pastas de Backup.

12/30/2020 3:37:37 PM
 | INFO |
 | Descrição: Starting Timer v1.1.0: 12/30/2020 3:37:37 PM

12/30/2020 3:38:46 PM
 | INFO |
 | Descrição: Iniciando Backup: 20201230

12/30/2020 3:38:46 PM
 | INFO |
 | Descrição: Iniciando Cópia do Drive.

12/30/2020 3:39:20 PM
 | INFO |
 | Descrição: Iniciando Organização das pastas de Backup.

1/4/2021 10:00:03 AM
 | INFO |
 | Descrição: Starting Timer v1.1.0: 1/4/2021 10:00:03 AM

1/4/2021 10:02:26 AM
 | INFO |
 | Descrição: Starting Timer v1.1.0: 1/4/2021 10:02:26 AM

1/4/2021 10:02:42 AM
 | INFO |
 | Descrição: Starting Timer v1.1.0: 1/4/2021 10:02:42 AM

